<?xml version="1.0" encoding="UTF-8"?>
<testsuites name="jest tests" tests="109" failures="16" errors="0" time="7.703">
  <testsuite name="undefined" errors="0" failures="3" skipped="0" timestamp="2025-07-25T18:25:05" time="0.872" tests="3">
    <testcase classname="" name="displays health check status" time="0.051">
      <failure>TypeError: Cannot read properties of null (reading &apos;useState&apos;)
    at process.env.NODE_ENV.exports.useState (C:\Users\bcmad\Downloads\A1Betting7-13.2\frontend\node_modules\react\cjs\react.development.js:1221:33)
    at _ThemeProvider (C:\Users\bcmad\Downloads\A1Betting7-13.2\frontend\src\contexts\ThemeContext.tsx:33:37)
    at Object.react-stack-bottom-frame (C:\Users\bcmad\Downloads\A1Betting7-13.2\node_modules\react-dom\cjs\react-dom-client.development.js:23863:20)
    at renderWithHooks (C:\Users\bcmad\Downloads\A1Betting7-13.2\node_modules\react-dom\cjs\react-dom-client.development.js:5529:22)
    at updateFunctionComponent (C:\Users\bcmad\Downloads\A1Betting7-13.2\node_modules\react-dom\cjs\react-dom-client.development.js:8897:19)
    at beginWork (C:\Users\bcmad\Downloads\A1Betting7-13.2\node_modules\react-dom\cjs\react-dom-client.development.js:10522:18)
    at runWithFiberInDEV (C:\Users\bcmad\Downloads\A1Betting7-13.2\node_modules\react-dom\cjs\react-dom-client.development.js:1522:13)
    at performUnitOfWork (C:\Users\bcmad\Downloads\A1Betting7-13.2\node_modules\react-dom\cjs\react-dom-client.development.js:15140:22)
    at workLoopSync (C:\Users\bcmad\Downloads\A1Betting7-13.2\node_modules\react-dom\cjs\react-dom-client.development.js:14956:41)
    at renderRootSync (C:\Users\bcmad\Downloads\A1Betting7-13.2\node_modules\react-dom\cjs\react-dom-client.development.js:14936:11)
    at performWorkOnRoot (C:\Users\bcmad\Downloads\A1Betting7-13.2\node_modules\react-dom\cjs\react-dom-client.development.js:14462:44)
    at performWorkOnRootViaSchedulerTask (C:\Users\bcmad\Downloads\A1Betting7-13.2\node_modules\react-dom\cjs\react-dom-client.development.js:16216:7)
    at flushActQueue (C:\Users\bcmad\Downloads\A1Betting7-13.2\node_modules\react\cjs\react.development.js:566:34)
    at process.env.NODE_ENV.exports.act (C:\Users\bcmad\Downloads\A1Betting7-13.2\node_modules\react\cjs\react.development.js:859:10)
    at actImplementation (C:\Users\bcmad\Downloads\A1Betting7-13.2\node_modules\@testing-library\react\dist\act-compat.js:47:25)
    at renderRoot (C:\Users\bcmad\Downloads\A1Betting7-13.2\node_modules\@testing-library\react\dist\pure.js:190:25)
    at renderRoot (C:\Users\bcmad\Downloads\A1Betting7-13.2\node_modules\@testing-library\react\dist\pure.js:292:10)
    at Object.&lt;anonymous&gt; (C:\Users\bcmad\Downloads\A1Betting7-13.2\frontend\src\components\user-friendly\__tests__\PropOllama.test.tsx:123:9)
    at Promise.finally.completed (C:\Users\bcmad\Downloads\A1Betting7-13.2\node_modules\jest-circus\build\jestAdapterInit.js:1559:28)
    at new Promise (&lt;anonymous&gt;)
    at callAsyncCircusFn (C:\Users\bcmad\Downloads\A1Betting7-13.2\node_modules\jest-circus\build\jestAdapterInit.js:1499:10)
    at _callCircusTest (C:\Users\bcmad\Downloads\A1Betting7-13.2\node_modules\jest-circus\build\jestAdapterInit.js:1009:40)
    at _runTest (C:\Users\bcmad\Downloads\A1Betting7-13.2\node_modules\jest-circus\build\jestAdapterInit.js:949:3)
    at _runTestsForDescribeBlock (C:\Users\bcmad\Downloads\A1Betting7-13.2\node_modules\jest-circus\build\jestAdapterInit.js:839:13)
    at run (C:\Users\bcmad\Downloads\A1Betting7-13.2\node_modules\jest-circus\build\jestAdapterInit.js:757:3)
    at runAndTransformResultsToJestFormat (C:\Users\bcmad\Downloads\A1Betting7-13.2\node_modules\jest-circus\build\jestAdapterInit.js:1920:21)
    at jestAdapter (C:\Users\bcmad\Downloads\A1Betting7-13.2\node_modules\jest-circus\build\runner.js:101:19)
    at runTestInternal (C:\Users\bcmad\Downloads\A1Betting7-13.2\node_modules\jest-runner\build\index.js:275:16)
    at runTest (C:\Users\bcmad\Downloads\A1Betting7-13.2\node_modules\jest-runner\build\index.js:343:7)</failure>
    </testcase>
    <testcase classname="" name="displays backend error message" time="0.013">
      <failure>TypeError: Cannot read properties of null (reading &apos;useState&apos;)
    at process.env.NODE_ENV.exports.useState (C:\Users\bcmad\Downloads\A1Betting7-13.2\frontend\node_modules\react\cjs\react.development.js:1221:33)
    at _ThemeProvider (C:\Users\bcmad\Downloads\A1Betting7-13.2\frontend\src\contexts\ThemeContext.tsx:33:37)
    at Object.react-stack-bottom-frame (C:\Users\bcmad\Downloads\A1Betting7-13.2\node_modules\react-dom\cjs\react-dom-client.development.js:23863:20)
    at renderWithHooks (C:\Users\bcmad\Downloads\A1Betting7-13.2\node_modules\react-dom\cjs\react-dom-client.development.js:5529:22)
    at updateFunctionComponent (C:\Users\bcmad\Downloads\A1Betting7-13.2\node_modules\react-dom\cjs\react-dom-client.development.js:8897:19)
    at beginWork (C:\Users\bcmad\Downloads\A1Betting7-13.2\node_modules\react-dom\cjs\react-dom-client.development.js:10522:18)
    at runWithFiberInDEV (C:\Users\bcmad\Downloads\A1Betting7-13.2\node_modules\react-dom\cjs\react-dom-client.development.js:1522:13)
    at performUnitOfWork (C:\Users\bcmad\Downloads\A1Betting7-13.2\node_modules\react-dom\cjs\react-dom-client.development.js:15140:22)
    at workLoopSync (C:\Users\bcmad\Downloads\A1Betting7-13.2\node_modules\react-dom\cjs\react-dom-client.development.js:14956:41)
    at renderRootSync (C:\Users\bcmad\Downloads\A1Betting7-13.2\node_modules\react-dom\cjs\react-dom-client.development.js:14936:11)
    at performWorkOnRoot (C:\Users\bcmad\Downloads\A1Betting7-13.2\node_modules\react-dom\cjs\react-dom-client.development.js:14462:44)
    at performWorkOnRootViaSchedulerTask (C:\Users\bcmad\Downloads\A1Betting7-13.2\node_modules\react-dom\cjs\react-dom-client.development.js:16216:7)
    at flushActQueue (C:\Users\bcmad\Downloads\A1Betting7-13.2\node_modules\react\cjs\react.development.js:566:34)
    at process.env.NODE_ENV.exports.act (C:\Users\bcmad\Downloads\A1Betting7-13.2\node_modules\react\cjs\react.development.js:859:10)
    at actImplementation (C:\Users\bcmad\Downloads\A1Betting7-13.2\node_modules\@testing-library\react\dist\act-compat.js:47:25)
    at renderRoot (C:\Users\bcmad\Downloads\A1Betting7-13.2\node_modules\@testing-library\react\dist\pure.js:190:25)
    at renderRoot (C:\Users\bcmad\Downloads\A1Betting7-13.2\node_modules\@testing-library\react\dist\pure.js:292:10)
    at Object.&lt;anonymous&gt; (C:\Users\bcmad\Downloads\A1Betting7-13.2\frontend\src\components\user-friendly\__tests__\PropOllama.test.tsx:137:9)
    at Promise.finally.completed (C:\Users\bcmad\Downloads\A1Betting7-13.2\node_modules\jest-circus\build\jestAdapterInit.js:1559:28)
    at new Promise (&lt;anonymous&gt;)
    at callAsyncCircusFn (C:\Users\bcmad\Downloads\A1Betting7-13.2\node_modules\jest-circus\build\jestAdapterInit.js:1499:10)
    at _callCircusTest (C:\Users\bcmad\Downloads\A1Betting7-13.2\node_modules\jest-circus\build\jestAdapterInit.js:1009:40)
    at _runTest (C:\Users\bcmad\Downloads\A1Betting7-13.2\node_modules\jest-circus\build\jestAdapterInit.js:949:3)
    at _runTestsForDescribeBlock (C:\Users\bcmad\Downloads\A1Betting7-13.2\node_modules\jest-circus\build\jestAdapterInit.js:839:13)
    at run (C:\Users\bcmad\Downloads\A1Betting7-13.2\node_modules\jest-circus\build\jestAdapterInit.js:757:3)
    at runAndTransformResultsToJestFormat (C:\Users\bcmad\Downloads\A1Betting7-13.2\node_modules\jest-circus\build\jestAdapterInit.js:1920:21)
    at jestAdapter (C:\Users\bcmad\Downloads\A1Betting7-13.2\node_modules\jest-circus\build\runner.js:101:19)
    at runTestInternal (C:\Users\bcmad\Downloads\A1Betting7-13.2\node_modules\jest-runner\build\index.js:275:16)
    at runTest (C:\Users\bcmad\Downloads\A1Betting7-13.2\node_modules\jest-runner\build\index.js:343:7)</failure>
    </testcase>
    <testcase classname="" name="displays AI response for valid message" time="0.005">
      <failure>TypeError: Cannot read properties of null (reading &apos;useState&apos;)
    at process.env.NODE_ENV.exports.useState (C:\Users\bcmad\Downloads\A1Betting7-13.2\frontend\node_modules\react\cjs\react.development.js:1221:33)
    at _ThemeProvider (C:\Users\bcmad\Downloads\A1Betting7-13.2\frontend\src\contexts\ThemeContext.tsx:33:37)
    at Object.react-stack-bottom-frame (C:\Users\bcmad\Downloads\A1Betting7-13.2\node_modules\react-dom\cjs\react-dom-client.development.js:23863:20)
    at renderWithHooks (C:\Users\bcmad\Downloads\A1Betting7-13.2\node_modules\react-dom\cjs\react-dom-client.development.js:5529:22)
    at updateFunctionComponent (C:\Users\bcmad\Downloads\A1Betting7-13.2\node_modules\react-dom\cjs\react-dom-client.development.js:8897:19)
    at beginWork (C:\Users\bcmad\Downloads\A1Betting7-13.2\node_modules\react-dom\cjs\react-dom-client.development.js:10522:18)
    at runWithFiberInDEV (C:\Users\bcmad\Downloads\A1Betting7-13.2\node_modules\react-dom\cjs\react-dom-client.development.js:1522:13)
    at performUnitOfWork (C:\Users\bcmad\Downloads\A1Betting7-13.2\node_modules\react-dom\cjs\react-dom-client.development.js:15140:22)
    at workLoopSync (C:\Users\bcmad\Downloads\A1Betting7-13.2\node_modules\react-dom\cjs\react-dom-client.development.js:14956:41)
    at renderRootSync (C:\Users\bcmad\Downloads\A1Betting7-13.2\node_modules\react-dom\cjs\react-dom-client.development.js:14936:11)
    at performWorkOnRoot (C:\Users\bcmad\Downloads\A1Betting7-13.2\node_modules\react-dom\cjs\react-dom-client.development.js:14462:44)
    at performWorkOnRootViaSchedulerTask (C:\Users\bcmad\Downloads\A1Betting7-13.2\node_modules\react-dom\cjs\react-dom-client.development.js:16216:7)
    at flushActQueue (C:\Users\bcmad\Downloads\A1Betting7-13.2\node_modules\react\cjs\react.development.js:566:34)
    at process.env.NODE_ENV.exports.act (C:\Users\bcmad\Downloads\A1Betting7-13.2\node_modules\react\cjs\react.development.js:859:10)
    at actImplementation (C:\Users\bcmad\Downloads\A1Betting7-13.2\node_modules\@testing-library\react\dist\act-compat.js:47:25)
    at renderRoot (C:\Users\bcmad\Downloads\A1Betting7-13.2\node_modules\@testing-library\react\dist\pure.js:190:25)
    at renderRoot (C:\Users\bcmad\Downloads\A1Betting7-13.2\node_modules\@testing-library\react\dist\pure.js:292:10)
    at Object.&lt;anonymous&gt; (C:\Users\bcmad\Downloads\A1Betting7-13.2\frontend\src\components\user-friendly\__tests__\PropOllama.test.tsx:154:9)
    at Promise.finally.completed (C:\Users\bcmad\Downloads\A1Betting7-13.2\node_modules\jest-circus\build\jestAdapterInit.js:1559:28)
    at new Promise (&lt;anonymous&gt;)
    at callAsyncCircusFn (C:\Users\bcmad\Downloads\A1Betting7-13.2\node_modules\jest-circus\build\jestAdapterInit.js:1499:10)
    at _callCircusTest (C:\Users\bcmad\Downloads\A1Betting7-13.2\node_modules\jest-circus\build\jestAdapterInit.js:1009:40)
    at _runTest (C:\Users\bcmad\Downloads\A1Betting7-13.2\node_modules\jest-circus\build\jestAdapterInit.js:949:3)
    at _runTestsForDescribeBlock (C:\Users\bcmad\Downloads\A1Betting7-13.2\node_modules\jest-circus\build\jestAdapterInit.js:839:13)
    at run (C:\Users\bcmad\Downloads\A1Betting7-13.2\node_modules\jest-circus\build\jestAdapterInit.js:757:3)
    at runAndTransformResultsToJestFormat (C:\Users\bcmad\Downloads\A1Betting7-13.2\node_modules\jest-circus\build\jestAdapterInit.js:1920:21)
    at jestAdapter (C:\Users\bcmad\Downloads\A1Betting7-13.2\node_modules\jest-circus\build\runner.js:101:19)
    at runTestInternal (C:\Users\bcmad\Downloads\A1Betting7-13.2\node_modules\jest-runner\build\index.js:275:16)
    at runTest (C:\Users\bcmad\Downloads\A1Betting7-13.2\node_modules\jest-runner\build\index.js:343:7)</failure>
    </testcase>
  </testsuite>
  <testsuite name="A1Betting App Flows" errors="0" failures="3" skipped="0" timestamp="2025-07-25T18:25:06" time="0.201" tests="3">
    <testcase classname="A1Betting App Flows" name="Registration form validation and submission" time="0.016">
      <failure>TypeError: Cannot read properties of null (reading &apos;useState&apos;)
    at process.env.NODE_ENV.exports.useState (C:\Users\bcmad\Downloads\A1Betting7-13.2\frontend\node_modules\react\cjs\react.development.js:1221:33)
    at _AuthProvider (C:\Users\bcmad\Downloads\A1Betting7-13.2\frontend\src\contexts\AuthContext.tsx:51:35)
    at Object.react-stack-bottom-frame (C:\Users\bcmad\Downloads\A1Betting7-13.2\node_modules\react-dom\cjs\react-dom-client.development.js:23863:20)
    at renderWithHooks (C:\Users\bcmad\Downloads\A1Betting7-13.2\node_modules\react-dom\cjs\react-dom-client.development.js:5529:22)
    at updateFunctionComponent (C:\Users\bcmad\Downloads\A1Betting7-13.2\node_modules\react-dom\cjs\react-dom-client.development.js:8897:19)
    at beginWork (C:\Users\bcmad\Downloads\A1Betting7-13.2\node_modules\react-dom\cjs\react-dom-client.development.js:10522:18)
    at runWithFiberInDEV (C:\Users\bcmad\Downloads\A1Betting7-13.2\node_modules\react-dom\cjs\react-dom-client.development.js:1522:13)
    at performUnitOfWork (C:\Users\bcmad\Downloads\A1Betting7-13.2\node_modules\react-dom\cjs\react-dom-client.development.js:15140:22)
    at workLoopSync (C:\Users\bcmad\Downloads\A1Betting7-13.2\node_modules\react-dom\cjs\react-dom-client.development.js:14956:41)
    at renderRootSync (C:\Users\bcmad\Downloads\A1Betting7-13.2\node_modules\react-dom\cjs\react-dom-client.development.js:14936:11)
    at performWorkOnRoot (C:\Users\bcmad\Downloads\A1Betting7-13.2\node_modules\react-dom\cjs\react-dom-client.development.js:14462:44)
    at performWorkOnRootViaSchedulerTask (C:\Users\bcmad\Downloads\A1Betting7-13.2\node_modules\react-dom\cjs\react-dom-client.development.js:16216:7)
    at flushActQueue (C:\Users\bcmad\Downloads\A1Betting7-13.2\node_modules\react\cjs\react.development.js:566:34)
    at process.env.NODE_ENV.exports.act (C:\Users\bcmad\Downloads\A1Betting7-13.2\node_modules\react\cjs\react.development.js:859:10)
    at actImplementation (C:\Users\bcmad\Downloads\A1Betting7-13.2\node_modules\@testing-library\react\dist\act-compat.js:47:25)
    at renderRoot (C:\Users\bcmad\Downloads\A1Betting7-13.2\node_modules\@testing-library\react\dist\pure.js:190:25)
    at renderRoot (C:\Users\bcmad\Downloads\A1Betting7-13.2\node_modules\@testing-library\react\dist\pure.js:292:10)
    at Object.&lt;anonymous&gt; (C:\Users\bcmad\Downloads\A1Betting7-13.2\frontend\src\components\__tests__\AppFlows.test.tsx:36:11)
    at Promise.finally.completed (C:\Users\bcmad\Downloads\A1Betting7-13.2\node_modules\jest-circus\build\jestAdapterInit.js:1559:28)
    at new Promise (&lt;anonymous&gt;)
    at callAsyncCircusFn (C:\Users\bcmad\Downloads\A1Betting7-13.2\node_modules\jest-circus\build\jestAdapterInit.js:1499:10)
    at _callCircusTest (C:\Users\bcmad\Downloads\A1Betting7-13.2\node_modules\jest-circus\build\jestAdapterInit.js:1009:40)
    at _runTest (C:\Users\bcmad\Downloads\A1Betting7-13.2\node_modules\jest-circus\build\jestAdapterInit.js:949:3)
    at _runTestsForDescribeBlock (C:\Users\bcmad\Downloads\A1Betting7-13.2\node_modules\jest-circus\build\jestAdapterInit.js:839:13)
    at _runTestsForDescribeBlock (C:\Users\bcmad\Downloads\A1Betting7-13.2\node_modules\jest-circus\build\jestAdapterInit.js:829:11)
    at run (C:\Users\bcmad\Downloads\A1Betting7-13.2\node_modules\jest-circus\build\jestAdapterInit.js:757:3)
    at runAndTransformResultsToJestFormat (C:\Users\bcmad\Downloads\A1Betting7-13.2\node_modules\jest-circus\build\jestAdapterInit.js:1920:21)
    at jestAdapter (C:\Users\bcmad\Downloads\A1Betting7-13.2\node_modules\jest-circus\build\runner.js:101:19)
    at runTestInternal (C:\Users\bcmad\Downloads\A1Betting7-13.2\node_modules\jest-runner\build\index.js:275:16)
    at runTest (C:\Users\bcmad\Downloads\A1Betting7-13.2\node_modules\jest-runner\build\index.js:343:7)</failure>
    </testcase>
    <testcase classname="A1Betting App Flows" name="Login form validation and submission" time="0.005">
      <failure>TypeError: Cannot read properties of null (reading &apos;useState&apos;)
    at process.env.NODE_ENV.exports.useState (C:\Users\bcmad\Downloads\A1Betting7-13.2\frontend\node_modules\react\cjs\react.development.js:1221:33)
    at _AuthProvider (C:\Users\bcmad\Downloads\A1Betting7-13.2\frontend\src\contexts\AuthContext.tsx:51:35)
    at Object.react-stack-bottom-frame (C:\Users\bcmad\Downloads\A1Betting7-13.2\node_modules\react-dom\cjs\react-dom-client.development.js:23863:20)
    at renderWithHooks (C:\Users\bcmad\Downloads\A1Betting7-13.2\node_modules\react-dom\cjs\react-dom-client.development.js:5529:22)
    at updateFunctionComponent (C:\Users\bcmad\Downloads\A1Betting7-13.2\node_modules\react-dom\cjs\react-dom-client.development.js:8897:19)
    at beginWork (C:\Users\bcmad\Downloads\A1Betting7-13.2\node_modules\react-dom\cjs\react-dom-client.development.js:10522:18)
    at runWithFiberInDEV (C:\Users\bcmad\Downloads\A1Betting7-13.2\node_modules\react-dom\cjs\react-dom-client.development.js:1522:13)
    at performUnitOfWork (C:\Users\bcmad\Downloads\A1Betting7-13.2\node_modules\react-dom\cjs\react-dom-client.development.js:15140:22)
    at workLoopSync (C:\Users\bcmad\Downloads\A1Betting7-13.2\node_modules\react-dom\cjs\react-dom-client.development.js:14956:41)
    at renderRootSync (C:\Users\bcmad\Downloads\A1Betting7-13.2\node_modules\react-dom\cjs\react-dom-client.development.js:14936:11)
    at performWorkOnRoot (C:\Users\bcmad\Downloads\A1Betting7-13.2\node_modules\react-dom\cjs\react-dom-client.development.js:14462:44)
    at performWorkOnRootViaSchedulerTask (C:\Users\bcmad\Downloads\A1Betting7-13.2\node_modules\react-dom\cjs\react-dom-client.development.js:16216:7)
    at flushActQueue (C:\Users\bcmad\Downloads\A1Betting7-13.2\node_modules\react\cjs\react.development.js:566:34)
    at process.env.NODE_ENV.exports.act (C:\Users\bcmad\Downloads\A1Betting7-13.2\node_modules\react\cjs\react.development.js:859:10)
    at actImplementation (C:\Users\bcmad\Downloads\A1Betting7-13.2\node_modules\@testing-library\react\dist\act-compat.js:47:25)
    at renderRoot (C:\Users\bcmad\Downloads\A1Betting7-13.2\node_modules\@testing-library\react\dist\pure.js:190:25)
    at renderRoot (C:\Users\bcmad\Downloads\A1Betting7-13.2\node_modules\@testing-library\react\dist\pure.js:292:10)
    at Object.&lt;anonymous&gt; (C:\Users\bcmad\Downloads\A1Betting7-13.2\frontend\src\components\__tests__\AppFlows.test.tsx:58:11)
    at Promise.finally.completed (C:\Users\bcmad\Downloads\A1Betting7-13.2\node_modules\jest-circus\build\jestAdapterInit.js:1559:28)
    at new Promise (&lt;anonymous&gt;)
    at callAsyncCircusFn (C:\Users\bcmad\Downloads\A1Betting7-13.2\node_modules\jest-circus\build\jestAdapterInit.js:1499:10)
    at _callCircusTest (C:\Users\bcmad\Downloads\A1Betting7-13.2\node_modules\jest-circus\build\jestAdapterInit.js:1009:40)
    at _runTest (C:\Users\bcmad\Downloads\A1Betting7-13.2\node_modules\jest-circus\build\jestAdapterInit.js:949:3)
    at _runTestsForDescribeBlock (C:\Users\bcmad\Downloads\A1Betting7-13.2\node_modules\jest-circus\build\jestAdapterInit.js:839:13)
    at _runTestsForDescribeBlock (C:\Users\bcmad\Downloads\A1Betting7-13.2\node_modules\jest-circus\build\jestAdapterInit.js:829:11)
    at run (C:\Users\bcmad\Downloads\A1Betting7-13.2\node_modules\jest-circus\build\jestAdapterInit.js:757:3)
    at runAndTransformResultsToJestFormat (C:\Users\bcmad\Downloads\A1Betting7-13.2\node_modules\jest-circus\build\jestAdapterInit.js:1920:21)
    at jestAdapter (C:\Users\bcmad\Downloads\A1Betting7-13.2\node_modules\jest-circus\build\runner.js:101:19)
    at runTestInternal (C:\Users\bcmad\Downloads\A1Betting7-13.2\node_modules\jest-runner\build\index.js:275:16)
    at runTest (C:\Users\bcmad\Downloads\A1Betting7-13.2\node_modules\jest-runner\build\index.js:343:7)</failure>
    </testcase>
    <testcase classname="A1Betting App Flows" name="BetSlip validation and submission" time="0.004">
      <failure>TypeError: Cannot read properties of null (reading &apos;useState&apos;)
    at process.env.NODE_ENV.exports.useState (C:\Users\bcmad\Downloads\A1Betting7-13.2\frontend\node_modules\react\cjs\react.development.js:1221:33)
    at _AuthProvider (C:\Users\bcmad\Downloads\A1Betting7-13.2\frontend\src\contexts\AuthContext.tsx:51:35)
    at Object.react-stack-bottom-frame (C:\Users\bcmad\Downloads\A1Betting7-13.2\node_modules\react-dom\cjs\react-dom-client.development.js:23863:20)
    at renderWithHooks (C:\Users\bcmad\Downloads\A1Betting7-13.2\node_modules\react-dom\cjs\react-dom-client.development.js:5529:22)
    at updateFunctionComponent (C:\Users\bcmad\Downloads\A1Betting7-13.2\node_modules\react-dom\cjs\react-dom-client.development.js:8897:19)
    at beginWork (C:\Users\bcmad\Downloads\A1Betting7-13.2\node_modules\react-dom\cjs\react-dom-client.development.js:10522:18)
    at runWithFiberInDEV (C:\Users\bcmad\Downloads\A1Betting7-13.2\node_modules\react-dom\cjs\react-dom-client.development.js:1522:13)
    at performUnitOfWork (C:\Users\bcmad\Downloads\A1Betting7-13.2\node_modules\react-dom\cjs\react-dom-client.development.js:15140:22)
    at workLoopSync (C:\Users\bcmad\Downloads\A1Betting7-13.2\node_modules\react-dom\cjs\react-dom-client.development.js:14956:41)
    at renderRootSync (C:\Users\bcmad\Downloads\A1Betting7-13.2\node_modules\react-dom\cjs\react-dom-client.development.js:14936:11)
    at performWorkOnRoot (C:\Users\bcmad\Downloads\A1Betting7-13.2\node_modules\react-dom\cjs\react-dom-client.development.js:14462:44)
    at performWorkOnRootViaSchedulerTask (C:\Users\bcmad\Downloads\A1Betting7-13.2\node_modules\react-dom\cjs\react-dom-client.development.js:16216:7)
    at flushActQueue (C:\Users\bcmad\Downloads\A1Betting7-13.2\node_modules\react\cjs\react.development.js:566:34)
    at process.env.NODE_ENV.exports.act (C:\Users\bcmad\Downloads\A1Betting7-13.2\node_modules\react\cjs\react.development.js:859:10)
    at actImplementation (C:\Users\bcmad\Downloads\A1Betting7-13.2\node_modules\@testing-library\react\dist\act-compat.js:47:25)
    at renderRoot (C:\Users\bcmad\Downloads\A1Betting7-13.2\node_modules\@testing-library\react\dist\pure.js:190:25)
    at renderRoot (C:\Users\bcmad\Downloads\A1Betting7-13.2\node_modules\@testing-library\react\dist\pure.js:292:10)
    at Object.&lt;anonymous&gt; (C:\Users\bcmad\Downloads\A1Betting7-13.2\frontend\src\components\__tests__\AppFlows.test.tsx:74:11)
    at Promise.finally.completed (C:\Users\bcmad\Downloads\A1Betting7-13.2\node_modules\jest-circus\build\jestAdapterInit.js:1559:28)
    at new Promise (&lt;anonymous&gt;)
    at callAsyncCircusFn (C:\Users\bcmad\Downloads\A1Betting7-13.2\node_modules\jest-circus\build\jestAdapterInit.js:1499:10)
    at _callCircusTest (C:\Users\bcmad\Downloads\A1Betting7-13.2\node_modules\jest-circus\build\jestAdapterInit.js:1009:40)
    at _runTest (C:\Users\bcmad\Downloads\A1Betting7-13.2\node_modules\jest-circus\build\jestAdapterInit.js:949:3)
    at _runTestsForDescribeBlock (C:\Users\bcmad\Downloads\A1Betting7-13.2\node_modules\jest-circus\build\jestAdapterInit.js:839:13)
    at _runTestsForDescribeBlock (C:\Users\bcmad\Downloads\A1Betting7-13.2\node_modules\jest-circus\build\jestAdapterInit.js:829:11)
    at run (C:\Users\bcmad\Downloads\A1Betting7-13.2\node_modules\jest-circus\build\jestAdapterInit.js:757:3)
    at runAndTransformResultsToJestFormat (C:\Users\bcmad\Downloads\A1Betting7-13.2\node_modules\jest-circus\build\jestAdapterInit.js:1920:21)
    at jestAdapter (C:\Users\bcmad\Downloads\A1Betting7-13.2\node_modules\jest-circus\build\runner.js:101:19)
    at runTestInternal (C:\Users\bcmad\Downloads\A1Betting7-13.2\node_modules\jest-runner\build\index.js:275:16)
    at runTest (C:\Users\bcmad\Downloads\A1Betting7-13.2\node_modules\jest-runner\build\index.js:343:7)</failure>
    </testcase>
  </testsuite>
  <testsuite name="App E2E - Empty State" errors="0" failures="1" skipped="0" timestamp="2025-07-25T18:25:06" time="0.165" tests="1">
    <testcase classname="App E2E - Empty State" name="shows empty state if no enhanced bets are returned" time="0.018">
      <failure>SyntaxError: Unexpected token &apos;o&apos;, &quot;onboardingComplete&quot; is not valid JSON
    at JSON.parse (&lt;anonymous&gt;)
    at AuthService.loadFromLocalStorage (C:\Users\bcmad\Downloads\A1Betting7-13.2\frontend\src\services\authService.ts:40:24)
    at new AuthService (C:\Users\bcmad\Downloads\A1Betting7-13.2\frontend\src\services\authService.ts:32:10)
    at Object.&lt;anonymous&gt; (C:\Users\bcmad\Downloads\A1Betting7-13.2\frontend\src\services\authService.ts:127:29)
    at Runtime._execModule (C:\Users\bcmad\Downloads\A1Betting7-13.2\node_modules\jest-runtime\build\index.js:1266:24)
    at Runtime._loadModule (C:\Users\bcmad\Downloads\A1Betting7-13.2\node_modules\jest-runtime\build\index.js:942:12)
    at Runtime.requireModule (C:\Users\bcmad\Downloads\A1Betting7-13.2\node_modules\jest-runtime\build\index.js:830:12)
    at Runtime.requireModuleOrMock (C:\Users\bcmad\Downloads\A1Betting7-13.2\node_modules\jest-runtime\build\index.js:962:21)
    at Object.&lt;anonymous&gt; (C:\Users\bcmad\Downloads\A1Betting7-13.2\frontend\src\contexts\AuthContext.tsx:9:1)
    at Runtime._execModule (C:\Users\bcmad\Downloads\A1Betting7-13.2\node_modules\jest-runtime\build\index.js:1266:24)
    at Runtime._loadModule (C:\Users\bcmad\Downloads\A1Betting7-13.2\node_modules\jest-runtime\build\index.js:942:12)
    at Runtime.requireModule (C:\Users\bcmad\Downloads\A1Betting7-13.2\node_modules\jest-runtime\build\index.js:830:12)
    at Runtime.requireActual (C:\Users\bcmad\Downloads\A1Betting7-13.2\node_modules\jest-runtime\build\index.js:857:17)
    at Object.requireActual (C:\Users\bcmad\Downloads\A1Betting7-13.2\node_modules\jest-runtime\build\index.js:1778:41)
    at requireActual (C:\Users\bcmad\Downloads\A1Betting7-13.2\jest.setup.e2e.js:68:23)
    at Runtime.requireMock (C:\Users\bcmad\Downloads\A1Betting7-13.2\node_modules\jest-runtime\build\index.js:872:55)
    at Runtime.requireModuleOrMock (C:\Users\bcmad\Downloads\A1Betting7-13.2\node_modules\jest-runtime\build\index.js:960:21)
    at Object.&lt;anonymous&gt; (C:\Users\bcmad\Downloads\A1Betting7-13.2\frontend\src\components\auth\AuthPage.tsx:4:1)
    at Runtime._execModule (C:\Users\bcmad\Downloads\A1Betting7-13.2\node_modules\jest-runtime\build\index.js:1266:24)
    at Runtime._loadModule (C:\Users\bcmad\Downloads\A1Betting7-13.2\node_modules\jest-runtime\build\index.js:942:12)
    at Runtime.requireModule (C:\Users\bcmad\Downloads\A1Betting7-13.2\node_modules\jest-runtime\build\index.js:830:12)
    at Runtime.requireModuleOrMock (C:\Users\bcmad\Downloads\A1Betting7-13.2\node_modules\jest-runtime\build\index.js:962:21)
    at Object.&lt;anonymous&gt; (C:\Users\bcmad\Downloads\A1Betting7-13.2\frontend\src\App.tsx:6:1)
    at Runtime._execModule (C:\Users\bcmad\Downloads\A1Betting7-13.2\node_modules\jest-runtime\build\index.js:1266:24)
    at Runtime._loadModule (C:\Users\bcmad\Downloads\A1Betting7-13.2\node_modules\jest-runtime\build\index.js:942:12)
    at Runtime.requireModule (C:\Users\bcmad\Downloads\A1Betting7-13.2\node_modules\jest-runtime\build\index.js:830:12)
    at Runtime.requireModuleOrMock (C:\Users\bcmad\Downloads\A1Betting7-13.2\node_modules\jest-runtime\build\index.js:962:21)
    at C:\Users\bcmad\Downloads\A1Betting7-13.2\frontend\src\__tests__\App.empty-state.e2e.test.tsx:25:18
    at Object.&lt;anonymous&gt; (C:\Users\bcmad\Downloads\A1Betting7-13.2\frontend\src\__tests__\App.empty-state.e2e.test.tsx:25:18)</failure>
    </testcase>
  </testsuite>
  <testsuite name="AuthContext Admin Functionality" errors="0" failures="5" skipped="0" timestamp="2025-07-25T18:25:07" time="0.193" tests="5">
    <testcase classname="AuthContext Admin Functionality" name="should detect admin user with admin email" time="0.006">
      <failure>TypeError: Cannot read properties of null (reading &apos;useState&apos;)
    at process.env.NODE_ENV.exports.useState (C:\Users\bcmad\Downloads\A1Betting7-13.2\frontend\node_modules\react\cjs\react.development.js:1221:33)
    at _AuthProvider (C:\Users\bcmad\Downloads\A1Betting7-13.2\frontend\src\contexts\AuthContext.tsx:51:35)
    at Object.react-stack-bottom-frame (C:\Users\bcmad\Downloads\A1Betting7-13.2\node_modules\react-dom\cjs\react-dom-client.development.js:23863:20)
    at renderWithHooks (C:\Users\bcmad\Downloads\A1Betting7-13.2\node_modules\react-dom\cjs\react-dom-client.development.js:5529:22)
    at updateFunctionComponent (C:\Users\bcmad\Downloads\A1Betting7-13.2\node_modules\react-dom\cjs\react-dom-client.development.js:8897:19)
    at beginWork (C:\Users\bcmad\Downloads\A1Betting7-13.2\node_modules\react-dom\cjs\react-dom-client.development.js:10522:18)
    at runWithFiberInDEV (C:\Users\bcmad\Downloads\A1Betting7-13.2\node_modules\react-dom\cjs\react-dom-client.development.js:1522:13)
    at performUnitOfWork (C:\Users\bcmad\Downloads\A1Betting7-13.2\node_modules\react-dom\cjs\react-dom-client.development.js:15140:22)
    at workLoopSync (C:\Users\bcmad\Downloads\A1Betting7-13.2\node_modules\react-dom\cjs\react-dom-client.development.js:14956:41)
    at renderRootSync (C:\Users\bcmad\Downloads\A1Betting7-13.2\node_modules\react-dom\cjs\react-dom-client.development.js:14936:11)
    at performWorkOnRoot (C:\Users\bcmad\Downloads\A1Betting7-13.2\node_modules\react-dom\cjs\react-dom-client.development.js:14462:44)
    at performWorkOnRootViaSchedulerTask (C:\Users\bcmad\Downloads\A1Betting7-13.2\node_modules\react-dom\cjs\react-dom-client.development.js:16216:7)
    at flushActQueue (C:\Users\bcmad\Downloads\A1Betting7-13.2\node_modules\react\cjs\react.development.js:566:34)
    at process.env.NODE_ENV.exports.act (C:\Users\bcmad\Downloads\A1Betting7-13.2\node_modules\react\cjs\react.development.js:859:10)
    at actImplementation (C:\Users\bcmad\Downloads\A1Betting7-13.2\node_modules\@testing-library\react\dist\act-compat.js:47:25)
    at renderRoot (C:\Users\bcmad\Downloads\A1Betting7-13.2\node_modules\@testing-library\react\dist\pure.js:190:25)
    at renderRoot (C:\Users\bcmad\Downloads\A1Betting7-13.2\node_modules\@testing-library\react\dist\pure.js:292:10)
    at render (C:\Users\bcmad\Downloads\A1Betting7-13.2\node_modules\@testing-library\react\dist\pure.js:340:7)
    at Object.&lt;anonymous&gt; (C:\Users\bcmad\Downloads\A1Betting7-13.2\frontend\src\contexts\__tests__\AuthContext.test.tsx:28:34)
    at Promise.finally.completed (C:\Users\bcmad\Downloads\A1Betting7-13.2\node_modules\jest-circus\build\jestAdapterInit.js:1559:28)
    at new Promise (&lt;anonymous&gt;)
    at callAsyncCircusFn (C:\Users\bcmad\Downloads\A1Betting7-13.2\node_modules\jest-circus\build\jestAdapterInit.js:1499:10)
    at _callCircusTest (C:\Users\bcmad\Downloads\A1Betting7-13.2\node_modules\jest-circus\build\jestAdapterInit.js:1009:40)
    at _runTest (C:\Users\bcmad\Downloads\A1Betting7-13.2\node_modules\jest-circus\build\jestAdapterInit.js:949:3)
    at _runTestsForDescribeBlock (C:\Users\bcmad\Downloads\A1Betting7-13.2\node_modules\jest-circus\build\jestAdapterInit.js:839:13)
    at _runTestsForDescribeBlock (C:\Users\bcmad\Downloads\A1Betting7-13.2\node_modules\jest-circus\build\jestAdapterInit.js:829:11)
    at run (C:\Users\bcmad\Downloads\A1Betting7-13.2\node_modules\jest-circus\build\jestAdapterInit.js:757:3)
    at runAndTransformResultsToJestFormat (C:\Users\bcmad\Downloads\A1Betting7-13.2\node_modules\jest-circus\build\jestAdapterInit.js:1920:21)
    at jestAdapter (C:\Users\bcmad\Downloads\A1Betting7-13.2\node_modules\jest-circus\build\runner.js:101:19)
    at runTestInternal (C:\Users\bcmad\Downloads\A1Betting7-13.2\node_modules\jest-runner\build\index.js:275:16)
    at runTest (C:\Users\bcmad\Downloads\A1Betting7-13.2\node_modules\jest-runner\build\index.js:343:7)</failure>
    </testcase>
    <testcase classname="AuthContext Admin Functionality" name="should detect admin user with cole email" time="0.004">
      <failure>TypeError: Cannot read properties of null (reading &apos;useState&apos;)
    at process.env.NODE_ENV.exports.useState (C:\Users\bcmad\Downloads\A1Betting7-13.2\frontend\node_modules\react\cjs\react.development.js:1221:33)
    at _AuthProvider (C:\Users\bcmad\Downloads\A1Betting7-13.2\frontend\src\contexts\AuthContext.tsx:51:35)
    at Object.react-stack-bottom-frame (C:\Users\bcmad\Downloads\A1Betting7-13.2\node_modules\react-dom\cjs\react-dom-client.development.js:23863:20)
    at renderWithHooks (C:\Users\bcmad\Downloads\A1Betting7-13.2\node_modules\react-dom\cjs\react-dom-client.development.js:5529:22)
    at updateFunctionComponent (C:\Users\bcmad\Downloads\A1Betting7-13.2\node_modules\react-dom\cjs\react-dom-client.development.js:8897:19)
    at beginWork (C:\Users\bcmad\Downloads\A1Betting7-13.2\node_modules\react-dom\cjs\react-dom-client.development.js:10522:18)
    at runWithFiberInDEV (C:\Users\bcmad\Downloads\A1Betting7-13.2\node_modules\react-dom\cjs\react-dom-client.development.js:1522:13)
    at performUnitOfWork (C:\Users\bcmad\Downloads\A1Betting7-13.2\node_modules\react-dom\cjs\react-dom-client.development.js:15140:22)
    at workLoopSync (C:\Users\bcmad\Downloads\A1Betting7-13.2\node_modules\react-dom\cjs\react-dom-client.development.js:14956:41)
    at renderRootSync (C:\Users\bcmad\Downloads\A1Betting7-13.2\node_modules\react-dom\cjs\react-dom-client.development.js:14936:11)
    at performWorkOnRoot (C:\Users\bcmad\Downloads\A1Betting7-13.2\node_modules\react-dom\cjs\react-dom-client.development.js:14462:44)
    at performWorkOnRootViaSchedulerTask (C:\Users\bcmad\Downloads\A1Betting7-13.2\node_modules\react-dom\cjs\react-dom-client.development.js:16216:7)
    at flushActQueue (C:\Users\bcmad\Downloads\A1Betting7-13.2\node_modules\react\cjs\react.development.js:566:34)
    at process.env.NODE_ENV.exports.act (C:\Users\bcmad\Downloads\A1Betting7-13.2\node_modules\react\cjs\react.development.js:859:10)
    at actImplementation (C:\Users\bcmad\Downloads\A1Betting7-13.2\node_modules\@testing-library\react\dist\act-compat.js:47:25)
    at renderRoot (C:\Users\bcmad\Downloads\A1Betting7-13.2\node_modules\@testing-library\react\dist\pure.js:190:25)
    at renderRoot (C:\Users\bcmad\Downloads\A1Betting7-13.2\node_modules\@testing-library\react\dist\pure.js:292:10)
    at render (C:\Users\bcmad\Downloads\A1Betting7-13.2\node_modules\@testing-library\react\dist\pure.js:340:7)
    at Object.&lt;anonymous&gt; (C:\Users\bcmad\Downloads\A1Betting7-13.2\frontend\src\contexts\__tests__\AuthContext.test.tsx:54:34)
    at Promise.finally.completed (C:\Users\bcmad\Downloads\A1Betting7-13.2\node_modules\jest-circus\build\jestAdapterInit.js:1559:28)
    at new Promise (&lt;anonymous&gt;)
    at callAsyncCircusFn (C:\Users\bcmad\Downloads\A1Betting7-13.2\node_modules\jest-circus\build\jestAdapterInit.js:1499:10)
    at _callCircusTest (C:\Users\bcmad\Downloads\A1Betting7-13.2\node_modules\jest-circus\build\jestAdapterInit.js:1009:40)
    at _runTest (C:\Users\bcmad\Downloads\A1Betting7-13.2\node_modules\jest-circus\build\jestAdapterInit.js:949:3)
    at _runTestsForDescribeBlock (C:\Users\bcmad\Downloads\A1Betting7-13.2\node_modules\jest-circus\build\jestAdapterInit.js:839:13)
    at _runTestsForDescribeBlock (C:\Users\bcmad\Downloads\A1Betting7-13.2\node_modules\jest-circus\build\jestAdapterInit.js:829:11)
    at run (C:\Users\bcmad\Downloads\A1Betting7-13.2\node_modules\jest-circus\build\jestAdapterInit.js:757:3)
    at runAndTransformResultsToJestFormat (C:\Users\bcmad\Downloads\A1Betting7-13.2\node_modules\jest-circus\build\jestAdapterInit.js:1920:21)
    at jestAdapter (C:\Users\bcmad\Downloads\A1Betting7-13.2\node_modules\jest-circus\build\runner.js:101:19)
    at runTestInternal (C:\Users\bcmad\Downloads\A1Betting7-13.2\node_modules\jest-runner\build\index.js:275:16)
    at runTest (C:\Users\bcmad\Downloads\A1Betting7-13.2\node_modules\jest-runner\build\index.js:343:7)</failure>
    </testcase>
    <testcase classname="AuthContext Admin Functionality" name="should not detect admin for regular user" time="0.003">
      <failure>TypeError: Cannot read properties of null (reading &apos;useState&apos;)
    at process.env.NODE_ENV.exports.useState (C:\Users\bcmad\Downloads\A1Betting7-13.2\frontend\node_modules\react\cjs\react.development.js:1221:33)
    at _AuthProvider (C:\Users\bcmad\Downloads\A1Betting7-13.2\frontend\src\contexts\AuthContext.tsx:51:35)
    at Object.react-stack-bottom-frame (C:\Users\bcmad\Downloads\A1Betting7-13.2\node_modules\react-dom\cjs\react-dom-client.development.js:23863:20)
    at renderWithHooks (C:\Users\bcmad\Downloads\A1Betting7-13.2\node_modules\react-dom\cjs\react-dom-client.development.js:5529:22)
    at updateFunctionComponent (C:\Users\bcmad\Downloads\A1Betting7-13.2\node_modules\react-dom\cjs\react-dom-client.development.js:8897:19)
    at beginWork (C:\Users\bcmad\Downloads\A1Betting7-13.2\node_modules\react-dom\cjs\react-dom-client.development.js:10522:18)
    at runWithFiberInDEV (C:\Users\bcmad\Downloads\A1Betting7-13.2\node_modules\react-dom\cjs\react-dom-client.development.js:1522:13)
    at performUnitOfWork (C:\Users\bcmad\Downloads\A1Betting7-13.2\node_modules\react-dom\cjs\react-dom-client.development.js:15140:22)
    at workLoopSync (C:\Users\bcmad\Downloads\A1Betting7-13.2\node_modules\react-dom\cjs\react-dom-client.development.js:14956:41)
    at renderRootSync (C:\Users\bcmad\Downloads\A1Betting7-13.2\node_modules\react-dom\cjs\react-dom-client.development.js:14936:11)
    at performWorkOnRoot (C:\Users\bcmad\Downloads\A1Betting7-13.2\node_modules\react-dom\cjs\react-dom-client.development.js:14462:44)
    at performWorkOnRootViaSchedulerTask (C:\Users\bcmad\Downloads\A1Betting7-13.2\node_modules\react-dom\cjs\react-dom-client.development.js:16216:7)
    at flushActQueue (C:\Users\bcmad\Downloads\A1Betting7-13.2\node_modules\react\cjs\react.development.js:566:34)
    at process.env.NODE_ENV.exports.act (C:\Users\bcmad\Downloads\A1Betting7-13.2\node_modules\react\cjs\react.development.js:859:10)
    at actImplementation (C:\Users\bcmad\Downloads\A1Betting7-13.2\node_modules\@testing-library\react\dist\act-compat.js:47:25)
    at renderRoot (C:\Users\bcmad\Downloads\A1Betting7-13.2\node_modules\@testing-library\react\dist\pure.js:190:25)
    at renderRoot (C:\Users\bcmad\Downloads\A1Betting7-13.2\node_modules\@testing-library\react\dist\pure.js:292:10)
    at render (C:\Users\bcmad\Downloads\A1Betting7-13.2\node_modules\@testing-library\react\dist\pure.js:340:7)
    at Object.&lt;anonymous&gt; (C:\Users\bcmad\Downloads\A1Betting7-13.2\frontend\src\contexts\__tests__\AuthContext.test.tsx:80:34)
    at Promise.finally.completed (C:\Users\bcmad\Downloads\A1Betting7-13.2\node_modules\jest-circus\build\jestAdapterInit.js:1559:28)
    at new Promise (&lt;anonymous&gt;)
    at callAsyncCircusFn (C:\Users\bcmad\Downloads\A1Betting7-13.2\node_modules\jest-circus\build\jestAdapterInit.js:1499:10)
    at _callCircusTest (C:\Users\bcmad\Downloads\A1Betting7-13.2\node_modules\jest-circus\build\jestAdapterInit.js:1009:40)
    at _runTest (C:\Users\bcmad\Downloads\A1Betting7-13.2\node_modules\jest-circus\build\jestAdapterInit.js:949:3)
    at _runTestsForDescribeBlock (C:\Users\bcmad\Downloads\A1Betting7-13.2\node_modules\jest-circus\build\jestAdapterInit.js:839:13)
    at _runTestsForDescribeBlock (C:\Users\bcmad\Downloads\A1Betting7-13.2\node_modules\jest-circus\build\jestAdapterInit.js:829:11)
    at run (C:\Users\bcmad\Downloads\A1Betting7-13.2\node_modules\jest-circus\build\jestAdapterInit.js:757:3)
    at runAndTransformResultsToJestFormat (C:\Users\bcmad\Downloads\A1Betting7-13.2\node_modules\jest-circus\build\jestAdapterInit.js:1920:21)
    at jestAdapter (C:\Users\bcmad\Downloads\A1Betting7-13.2\node_modules\jest-circus\build\runner.js:101:19)
    at runTestInternal (C:\Users\bcmad\Downloads\A1Betting7-13.2\node_modules\jest-runner\build\index.js:275:16)
    at runTest (C:\Users\bcmad\Downloads\A1Betting7-13.2\node_modules\jest-runner\build\index.js:343:7)</failure>
    </testcase>
    <testcase classname="AuthContext Admin Functionality" name="should return false for isAdmin when no user" time="0.004">
      <failure>TypeError: Cannot read properties of null (reading &apos;useState&apos;)
    at process.env.NODE_ENV.exports.useState (C:\Users\bcmad\Downloads\A1Betting7-13.2\frontend\node_modules\react\cjs\react.development.js:1221:33)
    at _AuthProvider (C:\Users\bcmad\Downloads\A1Betting7-13.2\frontend\src\contexts\AuthContext.tsx:51:35)
    at Object.react-stack-bottom-frame (C:\Users\bcmad\Downloads\A1Betting7-13.2\node_modules\react-dom\cjs\react-dom-client.development.js:23863:20)
    at renderWithHooks (C:\Users\bcmad\Downloads\A1Betting7-13.2\node_modules\react-dom\cjs\react-dom-client.development.js:5529:22)
    at updateFunctionComponent (C:\Users\bcmad\Downloads\A1Betting7-13.2\node_modules\react-dom\cjs\react-dom-client.development.js:8897:19)
    at beginWork (C:\Users\bcmad\Downloads\A1Betting7-13.2\node_modules\react-dom\cjs\react-dom-client.development.js:10522:18)
    at runWithFiberInDEV (C:\Users\bcmad\Downloads\A1Betting7-13.2\node_modules\react-dom\cjs\react-dom-client.development.js:1522:13)
    at performUnitOfWork (C:\Users\bcmad\Downloads\A1Betting7-13.2\node_modules\react-dom\cjs\react-dom-client.development.js:15140:22)
    at workLoopSync (C:\Users\bcmad\Downloads\A1Betting7-13.2\node_modules\react-dom\cjs\react-dom-client.development.js:14956:41)
    at renderRootSync (C:\Users\bcmad\Downloads\A1Betting7-13.2\node_modules\react-dom\cjs\react-dom-client.development.js:14936:11)
    at performWorkOnRoot (C:\Users\bcmad\Downloads\A1Betting7-13.2\node_modules\react-dom\cjs\react-dom-client.development.js:14462:44)
    at performWorkOnRootViaSchedulerTask (C:\Users\bcmad\Downloads\A1Betting7-13.2\node_modules\react-dom\cjs\react-dom-client.development.js:16216:7)
    at flushActQueue (C:\Users\bcmad\Downloads\A1Betting7-13.2\node_modules\react\cjs\react.development.js:566:34)
    at process.env.NODE_ENV.exports.act (C:\Users\bcmad\Downloads\A1Betting7-13.2\node_modules\react\cjs\react.development.js:859:10)
    at actImplementation (C:\Users\bcmad\Downloads\A1Betting7-13.2\node_modules\@testing-library\react\dist\act-compat.js:47:25)
    at renderRoot (C:\Users\bcmad\Downloads\A1Betting7-13.2\node_modules\@testing-library\react\dist\pure.js:190:25)
    at renderRoot (C:\Users\bcmad\Downloads\A1Betting7-13.2\node_modules\@testing-library\react\dist\pure.js:292:10)
    at render (C:\Users\bcmad\Downloads\A1Betting7-13.2\node_modules\@testing-library\react\dist\pure.js:340:7)
    at Object.&lt;anonymous&gt; (C:\Users\bcmad\Downloads\A1Betting7-13.2\frontend\src\contexts\__tests__\AuthContext.test.tsx:106:34)
    at Promise.finally.completed (C:\Users\bcmad\Downloads\A1Betting7-13.2\node_modules\jest-circus\build\jestAdapterInit.js:1559:28)
    at new Promise (&lt;anonymous&gt;)
    at callAsyncCircusFn (C:\Users\bcmad\Downloads\A1Betting7-13.2\node_modules\jest-circus\build\jestAdapterInit.js:1499:10)
    at _callCircusTest (C:\Users\bcmad\Downloads\A1Betting7-13.2\node_modules\jest-circus\build\jestAdapterInit.js:1009:40)
    at _runTest (C:\Users\bcmad\Downloads\A1Betting7-13.2\node_modules\jest-circus\build\jestAdapterInit.js:949:3)
    at _runTestsForDescribeBlock (C:\Users\bcmad\Downloads\A1Betting7-13.2\node_modules\jest-circus\build\jestAdapterInit.js:839:13)
    at _runTestsForDescribeBlock (C:\Users\bcmad\Downloads\A1Betting7-13.2\node_modules\jest-circus\build\jestAdapterInit.js:829:11)
    at run (C:\Users\bcmad\Downloads\A1Betting7-13.2\node_modules\jest-circus\build\jestAdapterInit.js:757:3)
    at runAndTransformResultsToJestFormat (C:\Users\bcmad\Downloads\A1Betting7-13.2\node_modules\jest-circus\build\jestAdapterInit.js:1920:21)
    at jestAdapter (C:\Users\bcmad\Downloads\A1Betting7-13.2\node_modules\jest-circus\build\runner.js:101:19)
    at runTestInternal (C:\Users\bcmad\Downloads\A1Betting7-13.2\node_modules\jest-runner\build\index.js:275:16)
    at runTest (C:\Users\bcmad\Downloads\A1Betting7-13.2\node_modules\jest-runner\build\index.js:343:7)</failure>
    </testcase>
    <testcase classname="AuthContext Admin Functionality" name="should clear admin status on logout" time="0.004">
      <failure>TypeError: Cannot read properties of null (reading &apos;useState&apos;)
    at process.env.NODE_ENV.exports.useState (C:\Users\bcmad\Downloads\A1Betting7-13.2\frontend\node_modules\react\cjs\react.development.js:1221:33)
    at _AuthProvider (C:\Users\bcmad\Downloads\A1Betting7-13.2\frontend\src\contexts\AuthContext.tsx:51:35)
    at Object.react-stack-bottom-frame (C:\Users\bcmad\Downloads\A1Betting7-13.2\node_modules\react-dom\cjs\react-dom-client.development.js:23863:20)
    at renderWithHooks (C:\Users\bcmad\Downloads\A1Betting7-13.2\node_modules\react-dom\cjs\react-dom-client.development.js:5529:22)
    at updateFunctionComponent (C:\Users\bcmad\Downloads\A1Betting7-13.2\node_modules\react-dom\cjs\react-dom-client.development.js:8897:19)
    at beginWork (C:\Users\bcmad\Downloads\A1Betting7-13.2\node_modules\react-dom\cjs\react-dom-client.development.js:10522:18)
    at runWithFiberInDEV (C:\Users\bcmad\Downloads\A1Betting7-13.2\node_modules\react-dom\cjs\react-dom-client.development.js:1522:13)
    at performUnitOfWork (C:\Users\bcmad\Downloads\A1Betting7-13.2\node_modules\react-dom\cjs\react-dom-client.development.js:15140:22)
    at workLoopSync (C:\Users\bcmad\Downloads\A1Betting7-13.2\node_modules\react-dom\cjs\react-dom-client.development.js:14956:41)
    at renderRootSync (C:\Users\bcmad\Downloads\A1Betting7-13.2\node_modules\react-dom\cjs\react-dom-client.development.js:14936:11)
    at performWorkOnRoot (C:\Users\bcmad\Downloads\A1Betting7-13.2\node_modules\react-dom\cjs\react-dom-client.development.js:14462:44)
    at performWorkOnRootViaSchedulerTask (C:\Users\bcmad\Downloads\A1Betting7-13.2\node_modules\react-dom\cjs\react-dom-client.development.js:16216:7)
    at flushActQueue (C:\Users\bcmad\Downloads\A1Betting7-13.2\node_modules\react\cjs\react.development.js:566:34)
    at process.env.NODE_ENV.exports.act (C:\Users\bcmad\Downloads\A1Betting7-13.2\node_modules\react\cjs\react.development.js:859:10)
    at actImplementation (C:\Users\bcmad\Downloads\A1Betting7-13.2\node_modules\@testing-library\react\dist\act-compat.js:47:25)
    at renderRoot (C:\Users\bcmad\Downloads\A1Betting7-13.2\node_modules\@testing-library\react\dist\pure.js:190:25)
    at renderRoot (C:\Users\bcmad\Downloads\A1Betting7-13.2\node_modules\@testing-library\react\dist\pure.js:292:10)
    at render (C:\Users\bcmad\Downloads\A1Betting7-13.2\node_modules\@testing-library\react\dist\pure.js:340:7)
    at Object.&lt;anonymous&gt; (C:\Users\bcmad\Downloads\A1Betting7-13.2\frontend\src\contexts\__tests__\AuthContext.test.tsx:113:34)
    at Promise.finally.completed (C:\Users\bcmad\Downloads\A1Betting7-13.2\node_modules\jest-circus\build\jestAdapterInit.js:1559:28)
    at new Promise (&lt;anonymous&gt;)
    at callAsyncCircusFn (C:\Users\bcmad\Downloads\A1Betting7-13.2\node_modules\jest-circus\build\jestAdapterInit.js:1499:10)
    at _callCircusTest (C:\Users\bcmad\Downloads\A1Betting7-13.2\node_modules\jest-circus\build\jestAdapterInit.js:1009:40)
    at _runTest (C:\Users\bcmad\Downloads\A1Betting7-13.2\node_modules\jest-circus\build\jestAdapterInit.js:949:3)
    at _runTestsForDescribeBlock (C:\Users\bcmad\Downloads\A1Betting7-13.2\node_modules\jest-circus\build\jestAdapterInit.js:839:13)
    at _runTestsForDescribeBlock (C:\Users\bcmad\Downloads\A1Betting7-13.2\node_modules\jest-circus\build\jestAdapterInit.js:829:11)
    at run (C:\Users\bcmad\Downloads\A1Betting7-13.2\node_modules\jest-circus\build\jestAdapterInit.js:757:3)
    at runAndTransformResultsToJestFormat (C:\Users\bcmad\Downloads\A1Betting7-13.2\node_modules\jest-circus\build\jestAdapterInit.js:1920:21)
    at jestAdapter (C:\Users\bcmad\Downloads\A1Betting7-13.2\node_modules\jest-circus\build\runner.js:101:19)
    at runTestInternal (C:\Users\bcmad\Downloads\A1Betting7-13.2\node_modules\jest-runner\build\index.js:275:16)
    at runTest (C:\Users\bcmad\Downloads\A1Betting7-13.2\node_modules\jest-runner\build\index.js:343:7)</failure>
    </testcase>
  </testsuite>
  <testsuite name="WebSocketContext" errors="0" failures="1" skipped="0" timestamp="2025-07-25T18:25:07" time="0.138" tests="1">
    <testcase classname="WebSocketContext" name="provides default values" time="0.005">
      <failure>TypeError: Cannot read properties of null (reading &apos;useState&apos;)
    at process.env.NODE_ENV.exports.useState (C:\Users\bcmad\Downloads\A1Betting7-13.2\frontend\node_modules\react\cjs\react.development.js:1221:33)
    at _WebSocketProvider (C:\Users\bcmad\Downloads\A1Betting7-13.2\frontend\src\contexts\WebSocketContext.tsx:35:45)
    at Object.react-stack-bottom-frame (C:\Users\bcmad\Downloads\A1Betting7-13.2\node_modules\react-dom\cjs\react-dom-client.development.js:23863:20)
    at renderWithHooks (C:\Users\bcmad\Downloads\A1Betting7-13.2\node_modules\react-dom\cjs\react-dom-client.development.js:5529:22)
    at updateFunctionComponent (C:\Users\bcmad\Downloads\A1Betting7-13.2\node_modules\react-dom\cjs\react-dom-client.development.js:8897:19)
    at beginWork (C:\Users\bcmad\Downloads\A1Betting7-13.2\node_modules\react-dom\cjs\react-dom-client.development.js:10522:18)
    at runWithFiberInDEV (C:\Users\bcmad\Downloads\A1Betting7-13.2\node_modules\react-dom\cjs\react-dom-client.development.js:1522:13)
    at performUnitOfWork (C:\Users\bcmad\Downloads\A1Betting7-13.2\node_modules\react-dom\cjs\react-dom-client.development.js:15140:22)
    at workLoopSync (C:\Users\bcmad\Downloads\A1Betting7-13.2\node_modules\react-dom\cjs\react-dom-client.development.js:14956:41)
    at renderRootSync (C:\Users\bcmad\Downloads\A1Betting7-13.2\node_modules\react-dom\cjs\react-dom-client.development.js:14936:11)
    at performWorkOnRoot (C:\Users\bcmad\Downloads\A1Betting7-13.2\node_modules\react-dom\cjs\react-dom-client.development.js:14462:44)
    at performWorkOnRootViaSchedulerTask (C:\Users\bcmad\Downloads\A1Betting7-13.2\node_modules\react-dom\cjs\react-dom-client.development.js:16216:7)
    at flushActQueue (C:\Users\bcmad\Downloads\A1Betting7-13.2\node_modules\react\cjs\react.development.js:566:34)
    at process.env.NODE_ENV.exports.act (C:\Users\bcmad\Downloads\A1Betting7-13.2\node_modules\react\cjs\react.development.js:859:10)
    at actImplementation (C:\Users\bcmad\Downloads\A1Betting7-13.2\node_modules\@testing-library\react\dist\act-compat.js:47:25)
    at renderRoot (C:\Users\bcmad\Downloads\A1Betting7-13.2\node_modules\@testing-library\react\dist\pure.js:190:25)
    at renderRoot (C:\Users\bcmad\Downloads\A1Betting7-13.2\node_modules\@testing-library\react\dist\pure.js:292:10)
    at Object.&lt;anonymous&gt; (C:\Users\bcmad\Downloads\A1Betting7-13.2\frontend\src\contexts\__tests__\WebSocketContext.test.tsx:12:11)
    at Promise.finally.completed (C:\Users\bcmad\Downloads\A1Betting7-13.2\node_modules\jest-circus\build\jestAdapterInit.js:1559:28)
    at new Promise (&lt;anonymous&gt;)
    at callAsyncCircusFn (C:\Users\bcmad\Downloads\A1Betting7-13.2\node_modules\jest-circus\build\jestAdapterInit.js:1499:10)
    at _callCircusTest (C:\Users\bcmad\Downloads\A1Betting7-13.2\node_modules\jest-circus\build\jestAdapterInit.js:1009:40)
    at _runTest (C:\Users\bcmad\Downloads\A1Betting7-13.2\node_modules\jest-circus\build\jestAdapterInit.js:949:3)
    at _runTestsForDescribeBlock (C:\Users\bcmad\Downloads\A1Betting7-13.2\node_modules\jest-circus\build\jestAdapterInit.js:839:13)
    at _runTestsForDescribeBlock (C:\Users\bcmad\Downloads\A1Betting7-13.2\node_modules\jest-circus\build\jestAdapterInit.js:829:11)
    at run (C:\Users\bcmad\Downloads\A1Betting7-13.2\node_modules\jest-circus\build\jestAdapterInit.js:757:3)
    at runAndTransformResultsToJestFormat (C:\Users\bcmad\Downloads\A1Betting7-13.2\node_modules\jest-circus\build\jestAdapterInit.js:1920:21)
    at jestAdapter (C:\Users\bcmad\Downloads\A1Betting7-13.2\node_modules\jest-circus\build\runner.js:101:19)
    at runTestInternal (C:\Users\bcmad\Downloads\A1Betting7-13.2\node_modules\jest-runner\build\index.js:275:16)
    at runTest (C:\Users\bcmad\Downloads\A1Betting7-13.2\node_modules\jest-runner\build\index.js:343:7)</failure>
    </testcase>
  </testsuite>
  <testsuite name="MetricsContext" errors="0" failures="1" skipped="0" timestamp="2025-07-25T18:25:07" time="0.119" tests="1">
    <testcase classname="MetricsContext" name="provides default values and track function" time="0.006">
      <failure>TypeError: Cannot read properties of null (reading &apos;useContext&apos;)
    at process.env.NODE_ENV.exports.useContext (C:\Users\bcmad\Downloads\A1Betting7-13.2\frontend\node_modules\react\cjs\react.development.js:1168:25)
    at _useMetrics (C:\Users\bcmad\Downloads\A1Betting7-13.2\frontend\src\contexts\MetricsContext.tsx:52:26)
    at TestComponent (C:\Users\bcmad\Downloads\A1Betting7-13.2\frontend\src\contexts\__tests__\MetricsContext.test.tsx:6:26)
    at Object.react-stack-bottom-frame (C:\Users\bcmad\Downloads\A1Betting7-13.2\node_modules\react-dom\cjs\react-dom-client.development.js:23863:20)
    at renderWithHooks (C:\Users\bcmad\Downloads\A1Betting7-13.2\node_modules\react-dom\cjs\react-dom-client.development.js:5529:22)
    at updateFunctionComponent (C:\Users\bcmad\Downloads\A1Betting7-13.2\node_modules\react-dom\cjs\react-dom-client.development.js:8897:19)
    at beginWork (C:\Users\bcmad\Downloads\A1Betting7-13.2\node_modules\react-dom\cjs\react-dom-client.development.js:10522:18)
    at runWithFiberInDEV (C:\Users\bcmad\Downloads\A1Betting7-13.2\node_modules\react-dom\cjs\react-dom-client.development.js:1522:13)
    at performUnitOfWork (C:\Users\bcmad\Downloads\A1Betting7-13.2\node_modules\react-dom\cjs\react-dom-client.development.js:15140:22)
    at workLoopSync (C:\Users\bcmad\Downloads\A1Betting7-13.2\node_modules\react-dom\cjs\react-dom-client.development.js:14956:41)
    at renderRootSync (C:\Users\bcmad\Downloads\A1Betting7-13.2\node_modules\react-dom\cjs\react-dom-client.development.js:14936:11)
    at performWorkOnRoot (C:\Users\bcmad\Downloads\A1Betting7-13.2\node_modules\react-dom\cjs\react-dom-client.development.js:14462:44)
    at performWorkOnRootViaSchedulerTask (C:\Users\bcmad\Downloads\A1Betting7-13.2\node_modules\react-dom\cjs\react-dom-client.development.js:16216:7)
    at flushActQueue (C:\Users\bcmad\Downloads\A1Betting7-13.2\node_modules\react\cjs\react.development.js:566:34)
    at process.env.NODE_ENV.exports.act (C:\Users\bcmad\Downloads\A1Betting7-13.2\node_modules\react\cjs\react.development.js:859:10)
    at actImplementation (C:\Users\bcmad\Downloads\A1Betting7-13.2\node_modules\@testing-library\react\dist\act-compat.js:47:25)
    at renderRoot (C:\Users\bcmad\Downloads\A1Betting7-13.2\node_modules\@testing-library\react\dist\pure.js:190:25)
    at renderRoot (C:\Users\bcmad\Downloads\A1Betting7-13.2\node_modules\@testing-library\react\dist\pure.js:292:10)
    at Object.&lt;anonymous&gt; (C:\Users\bcmad\Downloads\A1Betting7-13.2\frontend\src\contexts\__tests__\MetricsContext.test.tsx:12:11)
    at Promise.finally.completed (C:\Users\bcmad\Downloads\A1Betting7-13.2\node_modules\jest-circus\build\jestAdapterInit.js:1559:28)
    at new Promise (&lt;anonymous&gt;)
    at callAsyncCircusFn (C:\Users\bcmad\Downloads\A1Betting7-13.2\node_modules\jest-circus\build\jestAdapterInit.js:1499:10)
    at _callCircusTest (C:\Users\bcmad\Downloads\A1Betting7-13.2\node_modules\jest-circus\build\jestAdapterInit.js:1009:40)
    at _runTest (C:\Users\bcmad\Downloads\A1Betting7-13.2\node_modules\jest-circus\build\jestAdapterInit.js:949:3)
    at _runTestsForDescribeBlock (C:\Users\bcmad\Downloads\A1Betting7-13.2\node_modules\jest-circus\build\jestAdapterInit.js:839:13)
    at _runTestsForDescribeBlock (C:\Users\bcmad\Downloads\A1Betting7-13.2\node_modules\jest-circus\build\jestAdapterInit.js:829:11)
    at run (C:\Users\bcmad\Downloads\A1Betting7-13.2\node_modules\jest-circus\build\jestAdapterInit.js:757:3)
    at runAndTransformResultsToJestFormat (C:\Users\bcmad\Downloads\A1Betting7-13.2\node_modules\jest-circus\build\jestAdapterInit.js:1920:21)
    at jestAdapter (C:\Users\bcmad\Downloads\A1Betting7-13.2\node_modules\jest-circus\build\runner.js:101:19)
    at runTestInternal (C:\Users\bcmad\Downloads\A1Betting7-13.2\node_modules\jest-runner\build\index.js:275:16)
    at runTest (C:\Users\bcmad\Downloads\A1Betting7-13.2\node_modules\jest-runner\build\index.js:343:7)</failure>
    </testcase>
  </testsuite>
  <testsuite name="AppContext" errors="0" failures="1" skipped="0" timestamp="2025-07-25T18:25:07" time="0.117" tests="1">
    <testcase classname="AppContext" name="provides default values and allows updating user" time="0.005">
      <failure>TypeError: Cannot read properties of null (reading &apos;useState&apos;)
    at process.env.NODE_ENV.exports.useState (C:\Users\bcmad\Downloads\A1Betting7-13.2\frontend\node_modules\react\cjs\react.development.js:1221:33)
    at _AppProvider (C:\Users\bcmad\Downloads\A1Betting7-13.2\frontend\src\contexts\AppContext.tsx:39:41)
    at Object.react-stack-bottom-frame (C:\Users\bcmad\Downloads\A1Betting7-13.2\node_modules\react-dom\cjs\react-dom-client.development.js:23863:20)
    at renderWithHooks (C:\Users\bcmad\Downloads\A1Betting7-13.2\node_modules\react-dom\cjs\react-dom-client.development.js:5529:22)
    at updateFunctionComponent (C:\Users\bcmad\Downloads\A1Betting7-13.2\node_modules\react-dom\cjs\react-dom-client.development.js:8897:19)
    at beginWork (C:\Users\bcmad\Downloads\A1Betting7-13.2\node_modules\react-dom\cjs\react-dom-client.development.js:10522:18)
    at runWithFiberInDEV (C:\Users\bcmad\Downloads\A1Betting7-13.2\node_modules\react-dom\cjs\react-dom-client.development.js:1522:13)
    at performUnitOfWork (C:\Users\bcmad\Downloads\A1Betting7-13.2\node_modules\react-dom\cjs\react-dom-client.development.js:15140:22)
    at workLoopSync (C:\Users\bcmad\Downloads\A1Betting7-13.2\node_modules\react-dom\cjs\react-dom-client.development.js:14956:41)
    at renderRootSync (C:\Users\bcmad\Downloads\A1Betting7-13.2\node_modules\react-dom\cjs\react-dom-client.development.js:14936:11)
    at performWorkOnRoot (C:\Users\bcmad\Downloads\A1Betting7-13.2\node_modules\react-dom\cjs\react-dom-client.development.js:14462:44)
    at performWorkOnRootViaSchedulerTask (C:\Users\bcmad\Downloads\A1Betting7-13.2\node_modules\react-dom\cjs\react-dom-client.development.js:16216:7)
    at flushActQueue (C:\Users\bcmad\Downloads\A1Betting7-13.2\node_modules\react\cjs\react.development.js:566:34)
    at process.env.NODE_ENV.exports.act (C:\Users\bcmad\Downloads\A1Betting7-13.2\node_modules\react\cjs\react.development.js:859:10)
    at actImplementation (C:\Users\bcmad\Downloads\A1Betting7-13.2\node_modules\@testing-library\react\dist\act-compat.js:47:25)
    at renderRoot (C:\Users\bcmad\Downloads\A1Betting7-13.2\node_modules\@testing-library\react\dist\pure.js:190:25)
    at renderRoot (C:\Users\bcmad\Downloads\A1Betting7-13.2\node_modules\@testing-library\react\dist\pure.js:292:10)
    at Object.&lt;anonymous&gt; (C:\Users\bcmad\Downloads\A1Betting7-13.2\frontend\src\contexts\__tests__\AppContext.test.tsx:12:11)
    at Promise.finally.completed (C:\Users\bcmad\Downloads\A1Betting7-13.2\node_modules\jest-circus\build\jestAdapterInit.js:1559:28)
    at new Promise (&lt;anonymous&gt;)
    at callAsyncCircusFn (C:\Users\bcmad\Downloads\A1Betting7-13.2\node_modules\jest-circus\build\jestAdapterInit.js:1499:10)
    at _callCircusTest (C:\Users\bcmad\Downloads\A1Betting7-13.2\node_modules\jest-circus\build\jestAdapterInit.js:1009:40)
    at _runTest (C:\Users\bcmad\Downloads\A1Betting7-13.2\node_modules\jest-circus\build\jestAdapterInit.js:949:3)
    at _runTestsForDescribeBlock (C:\Users\bcmad\Downloads\A1Betting7-13.2\node_modules\jest-circus\build\jestAdapterInit.js:839:13)
    at _runTestsForDescribeBlock (C:\Users\bcmad\Downloads\A1Betting7-13.2\node_modules\jest-circus\build\jestAdapterInit.js:829:11)
    at run (C:\Users\bcmad\Downloads\A1Betting7-13.2\node_modules\jest-circus\build\jestAdapterInit.js:757:3)
    at runAndTransformResultsToJestFormat (C:\Users\bcmad\Downloads\A1Betting7-13.2\node_modules\jest-circus\build\jestAdapterInit.js:1920:21)
    at jestAdapter (C:\Users\bcmad\Downloads\A1Betting7-13.2\node_modules\jest-circus\build\runner.js:101:19)
    at runTestInternal (C:\Users\bcmad\Downloads\A1Betting7-13.2\node_modules\jest-runner\build\index.js:275:16)
    at runTest (C:\Users\bcmad\Downloads\A1Betting7-13.2\node_modules\jest-runner\build\index.js:343:7)</failure>
    </testcase>
  </testsuite>
  <testsuite name="ThemeContext" errors="0" failures="1" skipped="0" timestamp="2025-07-25T18:25:07" time="0.118" tests="1">
    <testcase classname="ThemeContext" name="provides default values and allows theme change" time="0.005">
      <failure>TypeError: Cannot read properties of null (reading &apos;useState&apos;)
    at process.env.NODE_ENV.exports.useState (C:\Users\bcmad\Downloads\A1Betting7-13.2\frontend\node_modules\react\cjs\react.development.js:1221:33)
    at _ThemeProvider (C:\Users\bcmad\Downloads\A1Betting7-13.2\frontend\src\contexts\ThemeContext.tsx:33:37)
    at Object.react-stack-bottom-frame (C:\Users\bcmad\Downloads\A1Betting7-13.2\node_modules\react-dom\cjs\react-dom-client.development.js:23863:20)
    at renderWithHooks (C:\Users\bcmad\Downloads\A1Betting7-13.2\node_modules\react-dom\cjs\react-dom-client.development.js:5529:22)
    at updateFunctionComponent (C:\Users\bcmad\Downloads\A1Betting7-13.2\node_modules\react-dom\cjs\react-dom-client.development.js:8897:19)
    at beginWork (C:\Users\bcmad\Downloads\A1Betting7-13.2\node_modules\react-dom\cjs\react-dom-client.development.js:10522:18)
    at runWithFiberInDEV (C:\Users\bcmad\Downloads\A1Betting7-13.2\node_modules\react-dom\cjs\react-dom-client.development.js:1522:13)
    at performUnitOfWork (C:\Users\bcmad\Downloads\A1Betting7-13.2\node_modules\react-dom\cjs\react-dom-client.development.js:15140:22)
    at workLoopSync (C:\Users\bcmad\Downloads\A1Betting7-13.2\node_modules\react-dom\cjs\react-dom-client.development.js:14956:41)
    at renderRootSync (C:\Users\bcmad\Downloads\A1Betting7-13.2\node_modules\react-dom\cjs\react-dom-client.development.js:14936:11)
    at performWorkOnRoot (C:\Users\bcmad\Downloads\A1Betting7-13.2\node_modules\react-dom\cjs\react-dom-client.development.js:14462:44)
    at performWorkOnRootViaSchedulerTask (C:\Users\bcmad\Downloads\A1Betting7-13.2\node_modules\react-dom\cjs\react-dom-client.development.js:16216:7)
    at flushActQueue (C:\Users\bcmad\Downloads\A1Betting7-13.2\node_modules\react\cjs\react.development.js:566:34)
    at process.env.NODE_ENV.exports.act (C:\Users\bcmad\Downloads\A1Betting7-13.2\node_modules\react\cjs\react.development.js:859:10)
    at actImplementation (C:\Users\bcmad\Downloads\A1Betting7-13.2\node_modules\@testing-library\react\dist\act-compat.js:47:25)
    at renderRoot (C:\Users\bcmad\Downloads\A1Betting7-13.2\node_modules\@testing-library\react\dist\pure.js:190:25)
    at renderRoot (C:\Users\bcmad\Downloads\A1Betting7-13.2\node_modules\@testing-library\react\dist\pure.js:292:10)
    at Object.&lt;anonymous&gt; (C:\Users\bcmad\Downloads\A1Betting7-13.2\frontend\src\contexts\__tests__\ThemeContext.test.tsx:12:11)
    at Promise.finally.completed (C:\Users\bcmad\Downloads\A1Betting7-13.2\node_modules\jest-circus\build\jestAdapterInit.js:1559:28)
    at new Promise (&lt;anonymous&gt;)
    at callAsyncCircusFn (C:\Users\bcmad\Downloads\A1Betting7-13.2\node_modules\jest-circus\build\jestAdapterInit.js:1499:10)
    at _callCircusTest (C:\Users\bcmad\Downloads\A1Betting7-13.2\node_modules\jest-circus\build\jestAdapterInit.js:1009:40)
    at _runTest (C:\Users\bcmad\Downloads\A1Betting7-13.2\node_modules\jest-circus\build\jestAdapterInit.js:949:3)
    at _runTestsForDescribeBlock (C:\Users\bcmad\Downloads\A1Betting7-13.2\node_modules\jest-circus\build\jestAdapterInit.js:839:13)
    at _runTestsForDescribeBlock (C:\Users\bcmad\Downloads\A1Betting7-13.2\node_modules\jest-circus\build\jestAdapterInit.js:829:11)
    at run (C:\Users\bcmad\Downloads\A1Betting7-13.2\node_modules\jest-circus\build\jestAdapterInit.js:757:3)
    at runAndTransformResultsToJestFormat (C:\Users\bcmad\Downloads\A1Betting7-13.2\node_modules\jest-circus\build\jestAdapterInit.js:1920:21)
    at jestAdapter (C:\Users\bcmad\Downloads\A1Betting7-13.2\node_modules\jest-circus\build\runner.js:101:19)
    at runTestInternal (C:\Users\bcmad\Downloads\A1Betting7-13.2\node_modules\jest-runner\build\index.js:275:16)
    at runTest (C:\Users\bcmad\Downloads\A1Betting7-13.2\node_modules\jest-runner\build\index.js:343:7)</failure>
    </testcase>
  </testsuite>
  <testsuite name="LiveStream component" errors="0" failures="0" skipped="0" timestamp="2025-07-25T18:25:07" time="0.156" tests="3">
    <testcase classname="LiveStream component" name="renders the onboarding banner and safety tips" time="0.017">
    </testcase>
    <testcase classname="LiveStream component" name="renders the header with the correct title and external link" time="0.032">
    </testcase>
    <testcase classname="LiveStream component" name="renders the button to open the live stream site" time="0.008">
    </testcase>
  </testsuite>
  <testsuite name="userSettings utils" errors="0" failures="0" skipped="0" timestamp="2025-07-25T18:25:07" time="0.128" tests="15">
    <testcase classname="userSettings utils" name="getUserSettings should return default settings if nothing in localStorage" time="0.003">
    </testcase>
    <testcase classname="userSettings utils" name="getUserSettings should return parsed settings from localStorage" time="0.002">
    </testcase>
    <testcase classname="userSettings utils" name="getUserSettings should merge saved settings with defaults" time="0.002">
    </testcase>
    <testcase classname="userSettings utils" name="applySettings should apply dark mode class and background color" time="0.003">
    </testcase>
    <testcase classname="userSettings utils" name="applySettings should set font size" time="0.002">
    </testcase>
    <testcase classname="userSettings utils" name="saveUserSettings should save settings to localStorage and apply them" time="0.003">
    </testcase>
    <testcase classname="userSettings utils" name="getUserDisplayName should return name from localStorage if available" time="0.002">
    </testcase>
    <testcase classname="userSettings utils" name="getUserDisplayName should return name from settings if not in localStorage" time="0.002">
    </testcase>
    <testcase classname="userSettings utils" name="getUserDisplayName should return default if no name found" time="0.002">
    </testcase>
    <testcase classname="userSettings utils" name="getUserEmail should return email from localStorage if available" time="0.002">
    </testcase>
    <testcase classname="userSettings utils" name="getUserEmail should return email from settings if not in localStorage" time="0.002">
    </testcase>
    <testcase classname="userSettings utils" name="getUserEmail should return default if no email found" time="0.002">
    </testcase>
    <testcase classname="userSettings utils" name="isDarkMode should return dark mode setting" time="0.002">
    </testcase>
    <testcase classname="userSettings utils" name="isDarkMode should return default if settings not found" time="0.003">
    </testcase>
    <testcase classname="userSettings utils" name="initializeSettings should get and apply settings" time="0.002">
    </testcase>
  </testsuite>
  <testsuite name="RefereeService" errors="0" failures="0" skipped="0" timestamp="2025-07-25T18:25:08" time="0.12" tests="8">
    <testcase classname="RefereeService" name="fetches referee stats" time="0.002">
    </testcase>
    <testcase classname="RefereeService" name="throws on referee stats fetch failure" time="0.004">
    </testcase>
    <testcase classname="RefereeService" name="fetches batch referee stats" time="0.002">
    </testcase>
    <testcase classname="RefereeService" name="throws on batch referee stats fetch failure" time="0.002">
    </testcase>
    <testcase classname="RefereeService" name="searches referees" time="0.002">
    </testcase>
    <testcase classname="RefereeService" name="throws on search referees failure" time="0.002">
    </testcase>
    <testcase classname="RefereeService" name="fetches referee modeling" time="0.002">
    </testcase>
    <testcase classname="RefereeService" name="throws on referee modeling fetch failure" time="0.002">
    </testcase>
  </testsuite>
  <testsuite name="AffiliateService" errors="0" failures="0" skipped="0" timestamp="2025-07-25T18:25:08" time="0.115" tests="6">
    <testcase classname="AffiliateService" name="fetches affiliate links" time="0.005">
    </testcase>
    <testcase classname="AffiliateService" name="throws on affiliate links fetch failure" time="0.003">
    </testcase>
    <testcase classname="AffiliateService" name="tracks affiliate click" time="0.002">
    </testcase>
    <testcase classname="AffiliateService" name="throws on affiliate click track failure" time="0.002">
    </testcase>
    <testcase classname="AffiliateService" name="fetches affiliate offers" time="0.002">
    </testcase>
    <testcase classname="AffiliateService" name="throws on affiliate offers fetch failure" time="0.002">
    </testcase>
  </testsuite>
  <testsuite name="safeNumber utils" errors="0" failures="0" skipped="0" timestamp="2025-07-25T18:25:08" time="0.115" tests="13">
    <testcase classname="safeNumber utils" name="safeNumber should format a number correctly" time="0.002">
    </testcase>
    <testcase classname="safeNumber utils" name="safeNumber should handle string input" time="0.001">
    </testcase>
    <testcase classname="safeNumber utils" name="safeNumber should handle invalid input with fallback" time="0.002">
    </testcase>
    <testcase classname="safeNumber utils" name="safePercentage should format a percentage correctly" time="0.002">
    </testcase>
    <testcase classname="safeNumber utils" name="safePercentage should handle invalid input with default fallback" time="0.001">
    </testcase>
    <testcase classname="safeNumber utils" name="safeCurrency should format currency correctly" time="0.002">
    </testcase>
    <testcase classname="safeNumber utils" name="safeCurrency should handle invalid input with default fallback" time="0.002">
    </testcase>
    <testcase classname="safeNumber utils" name="safeCompactNumber should format large numbers with suffixes" time="0.002">
    </testcase>
    <testcase classname="safeNumber utils" name="safeCompactNumber should handle invalid input with default fallback" time="0.002">
    </testcase>
    <testcase classname="safeNumber utils" name="safeDivision should perform division correctly" time="0.002">
    </testcase>
    <testcase classname="safeNumber utils" name="safeDivision should handle invalid input with fallback" time="0.002">
    </testcase>
    <testcase classname="safeNumber utils" name="safePercentageChange should calculate percentage change correctly" time="0.002">
    </testcase>
    <testcase classname="safeNumber utils" name="safePercentageChange should handle invalid input with default fallback" time="0.001">
    </testcase>
  </testsuite>
  <testsuite name="encryption utils" errors="0" failures="0" skipped="0" timestamp="2025-07-25T18:25:08" time="0.115" tests="3">
    <testcase classname="encryption utils" name="should encrypt and decrypt data correctly" time="0.004">
    </testcase>
    <testcase classname="encryption utils" name="should throw on invalid decryption" time="0.003">
    </testcase>
    <testcase classname="encryption utils" name="should throw on invalid encryption input" time="0.001">
    </testcase>
  </testsuite>
  <testsuite name="location utils" errors="0" failures="0" skipped="0" timestamp="2025-07-25T18:25:08" time="0.09" tests="4">
    <testcase classname="location utils" name="getLocation should return window.location" time="0.002">
    </testcase>
    <testcase classname="location utils" name="getQueryParams should parse query parameters correctly" time="0.002">
    </testcase>
    <testcase classname="location utils" name="navigateTo should be callable" time="0.004">
    </testcase>
    <testcase classname="location utils" name="reloadPage should be callable" time="0.002">
    </testcase>
  </testsuite>
  <testsuite name="RiskAssessmentService" errors="0" failures="0" skipped="0" timestamp="2025-07-25T18:25:08" time="0.083" tests="1">
    <testcase classname="RiskAssessmentService" name="classifies risk correctly" time="0.003">
    </testcase>
  </testsuite>
  <testsuite name="SocialSentimentAdapter" errors="0" failures="0" skipped="0" timestamp="2025-07-25T18:25:08" time="0.093" tests="3">
    <testcase classname="SocialSentimentAdapter" name="should be available" time="0.002">
    </testcase>
    <testcase classname="SocialSentimentAdapter" name="should fetch sentiment data and cache it" time="0.002">
    </testcase>
    <testcase classname="SocialSentimentAdapter" name="should clear cache" time="0.002">
    </testcase>
  </testsuite>
  <testsuite name="prizePicksService" errors="0" failures="0" skipped="0" timestamp="2025-07-25T18:25:08" time="0.077" tests="1">
    <testcase classname="prizePicksService" name="should run a placeholder test" time="0.002">
    </testcase>
  </testsuite>
  <testsuite name="SocialSentimentService" errors="0" failures="0" skipped="0" timestamp="2025-07-25T18:25:09" time="0.094" tests="3">
    <testcase classname="SocialSentimentService" name="is a singleton" time="0.002">
    </testcase>
    <testcase classname="SocialSentimentService" name="throws if feature is disabled" time="0.003">
    </testcase>
    <testcase classname="SocialSentimentService" name="throws not implemented if enabled" time="0.002">
    </testcase>
  </testsuite>
  <testsuite name="VenueEffectModel" errors="0" failures="0" skipped="0" timestamp="2025-07-25T18:25:09" time="0.08" tests="1">
    <testcase classname="VenueEffectModel" name="should run a basic test" time="0.002">
    </testcase>
  </testsuite>
  <testsuite name="UserPersonalizationService" errors="0" failures="0" skipped="0" timestamp="2025-07-25T18:25:09" time="0.121" tests="2">
    <testcase classname="UserPersonalizationService" name="should return a singleton instance" time="0.002">
    </testcase>
    <testcase classname="UserPersonalizationService" name="should initialize with empty userProfiles and clusters" time="0.001">
    </testcase>
  </testsuite>
  <testsuite name="PatternRecognitionService" errors="0" failures="0" skipped="0" timestamp="2025-07-25T18:25:09" time="0.083" tests="1">
    <testcase classname="PatternRecognitionService" name="detects pattern structure" time="0.003">
    </testcase>
  </testsuite>
  <testsuite name="DailyFantasyIntegration" errors="0" failures="0" skipped="0" timestamp="2025-07-25T18:25:09" time="0.079" tests="1">
    <testcase classname="DailyFantasyIntegration" name="should run a placeholder test" time="0.002">
    </testcase>
  </testsuite>
  <testsuite name="FinalPredictionEngine" errors="0" failures="0" skipped="0" timestamp="2025-07-25T18:25:09" time="0.081" tests="1">
    <testcase classname="FinalPredictionEngine" name="should run a placeholder test" time="0.002">
    </testcase>
  </testsuite>
  <testsuite name="bettingOpportunityService" errors="0" failures="0" skipped="0" timestamp="2025-07-25T18:25:09" time="0.077" tests="1">
    <testcase classname="bettingOpportunityService" name="should run a placeholder test" time="0.002">
    </testcase>
  </testsuite>
  <testsuite name="FantasyPredictionEnhancer" errors="0" failures="0" skipped="0" timestamp="2025-07-25T18:25:09" time="0.083" tests="1">
    <testcase classname="FantasyPredictionEnhancer" name="should run a placeholder test" time="0.002">
    </testcase>
  </testsuite>
  <testsuite name="advancedPredictionService" errors="0" failures="0" skipped="0" timestamp="2025-07-25T18:25:09" time="0.08" tests="1">
    <testcase classname="advancedPredictionService" name="should run a placeholder test" time="0.002">
    </testcase>
  </testsuite>
  <testsuite name="LineupSynergyModel" errors="0" failures="0" skipped="0" timestamp="2025-07-25T18:25:09" time="0.08" tests="1">
    <testcase classname="LineupSynergyModel" name="should run a basic test" time="0.002">
    </testcase>
  </testsuite>
  <testsuite name="BetRecommendationCard" errors="0" failures="0" skipped="0" timestamp="2025-07-25T18:25:09" time="0.079" tests="1">
    <testcase classname="BetRecommendationCard" name="should run a placeholder test" time="0.002">
    </testcase>
  </testsuite>
  <testsuite name="Analytics Logging" errors="0" failures="0" skipped="0" timestamp="2025-07-25T18:25:10" time="0.079" tests="1">
    <testcase classname="Analytics Logging" name="logs data without throwing" time="0.003">
    </testcase>
  </testsuite>
  <testsuite name="BestBetSelector" errors="0" failures="0" skipped="0" timestamp="2025-07-25T18:25:10" time="0.078" tests="1">
    <testcase classname="BestBetSelector" name="should run a placeholder test" time="0.002">
    </testcase>
  </testsuite>
  <testsuite name="UnifiedPredictionService" errors="0" failures="0" skipped="0" timestamp="2025-07-25T18:25:10" time="0.081" tests="1">
    <testcase classname="UnifiedPredictionService" name="should run a placeholder test" time="0.002">
    </testcase>
  </testsuite>
  <testsuite name="predictionService" errors="0" failures="0" skipped="0" timestamp="2025-07-25T18:25:10" time="0.077" tests="1">
    <testcase classname="predictionService" name="should run a placeholder test" time="0.002">
    </testcase>
  </testsuite>
  <testsuite name="UserFriendlyApp" errors="0" failures="0" skipped="0" timestamp="2025-07-25T18:25:10" time="0.08" tests="1">
    <testcase classname="UserFriendlyApp" name="should run a placeholder test" time="0.002">
    </testcase>
  </testsuite>
  <testsuite name="cacheUtils" errors="0" failures="0" skipped="0" timestamp="2025-07-25T18:25:10" time="0.077" tests="1">
    <testcase classname="cacheUtils" name="should run a placeholder test" time="0.002">
    </testcase>
  </testsuite>
  <testsuite name="RefereeImpactModel" errors="0" failures="0" skipped="0" timestamp="2025-07-25T18:25:10" time="0.079" tests="1">
    <testcase classname="RefereeImpactModel" name="should run a basic test" time="0.002">
    </testcase>
  </testsuite>
  <testsuite name="UnifiedBettingAnalytics" errors="0" failures="0" skipped="0" timestamp="2025-07-25T18:25:10" time="0.08" tests="1">
    <testcase classname="UnifiedBettingAnalytics" name="should have at least one test" time="0.002">
    </testcase>
  </testsuite>
  <testsuite name="confidenceSlice" errors="0" failures="0" skipped="0" timestamp="2025-07-25T18:25:10" time="0.078" tests="1">
    <testcase classname="confidenceSlice" name="should run a placeholder test" time="0.002">
    </testcase>
  </testsuite>
  <testsuite name="Dashboard" errors="0" failures="0" skipped="0" timestamp="2025-07-25T18:25:10" time="0.082" tests="1">
    <testcase classname="Dashboard" name="should run a placeholder test" time="0.002">
    </testcase>
  </testsuite>
  <testsuite name="ShapExplanation" errors="0" failures="0" skipped="0" timestamp="2025-07-25T18:25:10" time="0.079" tests="1">
    <testcase classname="ShapExplanation" name="should run a placeholder test" time="0.002">
    </testcase>
  </testsuite>
  <testsuite name="PredictionExplanationModal" errors="0" failures="0" skipped="0" timestamp="2025-07-25T18:25:11" time="0.079" tests="1">
    <testcase classname="PredictionExplanationModal" name="should run a placeholder test" time="0.002">
    </testcase>
  </testsuite>
  <testsuite name="ShapExplanation" errors="0" failures="0" skipped="0" timestamp="2025-07-25T18:25:11" time="0.081" tests="1">
    <testcase classname="ShapExplanation" name="should run a placeholder test" time="0.003">
    </testcase>
  </testsuite>
  <testsuite name="marketAnalysisService" errors="0" failures="0" skipped="0" timestamp="2025-07-25T18:25:11" time="0.078" tests="1">
    <testcase classname="marketAnalysisService" name="should run a placeholder test" time="0.002">
    </testcase>
  </testsuite>
  <testsuite name="PlayerFormModel" errors="0" failures="0" skipped="0" timestamp="2025-07-25T18:25:11" time="0.075" tests="1">
    <testcase classname="PlayerFormModel" name="should run a basic test" time="0.001">
    </testcase>
  </testsuite>
  <testsuite name="ConfidenceBandChart" errors="0" failures="0" skipped="0" timestamp="2025-07-25T18:25:11" time="0.078" tests="1">
    <testcase classname="ConfidenceBandChart" name="should run a placeholder test" time="0.002">
    </testcase>
  </testsuite>
  <testsuite name="RiskAssessmentMatrix" errors="0" failures="0" skipped="0" timestamp="2025-07-25T18:25:11" time="0.076" tests="1">
    <testcase classname="RiskAssessmentMatrix" name="should run a placeholder test" time="0.002">
    </testcase>
  </testsuite>
  <testsuite name="ModelPerformanceTracker" errors="0" failures="0" skipped="0" timestamp="2025-07-25T18:25:11" time="0.078" tests="1">
    <testcase classname="ModelPerformanceTracker" name="should run a placeholder test" time="0.002">
    </testcase>
  </testsuite>
  <testsuite name="BankrollTracker" errors="0" failures="0" skipped="0" timestamp="2025-07-25T18:25:11" time="0.079" tests="1">
    <testcase classname="BankrollTracker" name="should run a placeholder test" time="0.002">
    </testcase>
  </testsuite>
  <testsuite name="BetRecommendationList" errors="0" failures="0" skipped="0" timestamp="2025-07-25T18:25:11" time="0.079" tests="1">
    <testcase classname="BetRecommendationList" name="should run a placeholder test" time="0.002">
    </testcase>
  </testsuite>
  <testsuite name="PredictionGenerator" errors="0" failures="0" skipped="0" timestamp="2025-07-25T18:25:11" time="0.079" tests="1">
    <testcase classname="PredictionGenerator" name="should have at least one test" time="0.002">
    </testcase>
  </testsuite>
  <testsuite name="PvPMatchupModel" errors="0" failures="0" skipped="0" timestamp="2025-07-25T18:25:11" time="0.078" tests="1">
    <testcase classname="PvPMatchupModel" name="should run a basic test" time="0.002">
    </testcase>
  </testsuite>
</testsuites>