<?xml version="1.0" encoding="UTF-8"?>
<testExecutions version="1">
  <file path="C:\Users\bcmad\Downloads\A1Betting7-13.2\frontend\src\components\ui\EnhancedPropCard.test.tsx">
    <testCase name="dummy test" duration="8"/>
  </file>
  <file path="C:\Users\bcmad\Downloads\A1Betting7-13.2\frontend\src\test\smoke.test.tsx">
    <testCase name="smoke test should run a basic test" duration="6"/>
  </file>
  <file path="C:\Users\bcmad\Downloads\A1Betting7-13.2\frontend\src\utils\StateSync.test.ts">
    <testCase name="should test state sync, context integration, etc." duration="9"/>
    <testCase name="should test state sync, context integration, etc." duration="1"/>
    <testCase name="State Synchronization Market Updates should sync market updates to store" duration="1"/>
    <testCase name="State Synchronization Betting Opportunities should sync opportunities to store" duration="1"/>
    <testCase name="State Synchronization Alerts should sync alerts to store" duration="0"/>
    <testCase name="State Synchronization Alerts should remove acknowledged alerts" duration="0"/>
    <testCase name="State Synchronization Performance Metrics should sync performance metrics to store" duration="0"/>
  </file>
  <file path="C:\Users\bcmad\Downloads\A1Betting7-13.2\frontend\src\components\BankrollPage.test.tsx">
    <testCase name="dummy test" duration="6"/>
  </file>
  <file path="C:\Users\bcmad\Downloads\A1Betting7-13.2\frontend\src\components\featureCoverage.test.tsx">
    <testCase name="dummy test" duration="8"/>
  </file>
  <file path="C:\Users\bcmad\Downloads\A1Betting7-13.2\frontend\src\test\a11y\Accessibility.test.tsx">
    <testCase name="dummy test" duration="10"/>
    <testCase name="dummy test" duration="1"/>
  </file>
  <file path="C:\Users\bcmad\Downloads\A1Betting7-13.2\frontend\src\tests\optimization.test.ts">
    <testCase name="dummy test" duration="10"/>
  </file>
  <file path="C:\Users\bcmad\Downloads\A1Betting7-13.2\frontend\src\utils\APIEndpoints.test.ts">
    <testCase name="API Endpoints fetches props with filters" duration="5">
      <failure message="ReferenceError: apiService is not defined"><![CDATA[ReferenceError: apiService is not defined
    at Object.<anonymous> (C:\Users\bcmad\Downloads\A1Betting7-13.2\frontend\src\utils\APIEndpoints.test.ts:19:18)
    at Promise.finally.completed (C:\Users\bcmad\Downloads\A1Betting7-13.2\frontend\node_modules\jest-circus\build\jestAdapterInit.js:1559:28)
    at new Promise (<anonymous>)
    at callAsyncCircusFn (C:\Users\bcmad\Downloads\A1Betting7-13.2\frontend\node_modules\jest-circus\build\jestAdapterInit.js:1499:10)
    at _callCircusTest (C:\Users\bcmad\Downloads\A1Betting7-13.2\frontend\node_modules\jest-circus\build\jestAdapterInit.js:1009:40)
    at processTicksAndRejections (node:internal/process/task_queues:105:5)
    at _runTest (C:\Users\bcmad\Downloads\A1Betting7-13.2\frontend\node_modules\jest-circus\build\jestAdapterInit.js:949:3)
    at _runTestsForDescribeBlock (C:\Users\bcmad\Downloads\A1Betting7-13.2\frontend\node_modules\jest-circus\build\jestAdapterInit.js:839:13)
    at _runTestsForDescribeBlock (C:\Users\bcmad\Downloads\A1Betting7-13.2\frontend\node_modules\jest-circus\build\jestAdapterInit.js:829:11)
    at run (C:\Users\bcmad\Downloads\A1Betting7-13.2\frontend\node_modules\jest-circus\build\jestAdapterInit.js:757:3)
    at runAndTransformResultsToJestFormat (C:\Users\bcmad\Downloads\A1Betting7-13.2\frontend\node_modules\jest-circus\build\jestAdapterInit.js:1920:21)
    at jestAdapter (C:\Users\bcmad\Downloads\A1Betting7-13.2\frontend\node_modules\jest-circus\build\runner.js:101:19)
    at runTestInternal (C:\Users\bcmad\Downloads\A1Betting7-13.2\frontend\node_modules\jest-runner\build\testWorker.js:272:16)
    at runTest (C:\Users\bcmad\Downloads\A1Betting7-13.2\frontend\node_modules\jest-runner\build\testWorker.js:340:7)
    at Object.worker (C:\Users\bcmad\Downloads\A1Betting7-13.2\frontend\node_modules\jest-runner\build\testWorker.js:494:12)]]></failure>
    </testCase>
    <testCase name="API Endpoints fetches arbitrage opportunities" duration="0">
      <failure message="ReferenceError: apiService is not defined"><![CDATA[ReferenceError: apiService is not defined
    at Object.<anonymous> (C:\Users\bcmad\Downloads\A1Betting7-13.2\frontend\src\utils\APIEndpoints.test.ts:25:18)
    at Promise.finally.completed (C:\Users\bcmad\Downloads\A1Betting7-13.2\frontend\node_modules\jest-circus\build\jestAdapterInit.js:1559:28)
    at new Promise (<anonymous>)
    at callAsyncCircusFn (C:\Users\bcmad\Downloads\A1Betting7-13.2\frontend\node_modules\jest-circus\build\jestAdapterInit.js:1499:10)
    at _callCircusTest (C:\Users\bcmad\Downloads\A1Betting7-13.2\frontend\node_modules\jest-circus\build\jestAdapterInit.js:1009:40)
    at processTicksAndRejections (node:internal/process/task_queues:105:5)
    at _runTest (C:\Users\bcmad\Downloads\A1Betting7-13.2\frontend\node_modules\jest-circus\build\jestAdapterInit.js:949:3)
    at _runTestsForDescribeBlock (C:\Users\bcmad\Downloads\A1Betting7-13.2\frontend\node_modules\jest-circus\build\jestAdapterInit.js:839:13)
    at _runTestsForDescribeBlock (C:\Users\bcmad\Downloads\A1Betting7-13.2\frontend\node_modules\jest-circus\build\jestAdapterInit.js:829:11)
    at run (C:\Users\bcmad\Downloads\A1Betting7-13.2\frontend\node_modules\jest-circus\build\jestAdapterInit.js:757:3)
    at runAndTransformResultsToJestFormat (C:\Users\bcmad\Downloads\A1Betting7-13.2\frontend\node_modules\jest-circus\build\jestAdapterInit.js:1920:21)
    at jestAdapter (C:\Users\bcmad\Downloads\A1Betting7-13.2\frontend\node_modules\jest-circus\build\runner.js:101:19)
    at runTestInternal (C:\Users\bcmad\Downloads\A1Betting7-13.2\frontend\node_modules\jest-runner\build\testWorker.js:272:16)
    at runTest (C:\Users\bcmad\Downloads\A1Betting7-13.2\frontend\node_modules\jest-runner\build\testWorker.js:340:7)
    at Object.worker (C:\Users\bcmad\Downloads\A1Betting7-13.2\frontend\node_modules\jest-runner\build\testWorker.js:494:12)]]></failure>
    </testCase>
    <testCase name="API Endpoints fetches entries" duration="0">
      <failure message="ReferenceError: apiService is not defined"><![CDATA[ReferenceError: apiService is not defined
    at Object.<anonymous> (C:\Users\bcmad\Downloads\A1Betting7-13.2\frontend\src\utils\APIEndpoints.test.ts:31:18)
    at Promise.finally.completed (C:\Users\bcmad\Downloads\A1Betting7-13.2\frontend\node_modules\jest-circus\build\jestAdapterInit.js:1559:28)
    at new Promise (<anonymous>)
    at callAsyncCircusFn (C:\Users\bcmad\Downloads\A1Betting7-13.2\frontend\node_modules\jest-circus\build\jestAdapterInit.js:1499:10)
    at _callCircusTest (C:\Users\bcmad\Downloads\A1Betting7-13.2\frontend\node_modules\jest-circus\build\jestAdapterInit.js:1009:40)
    at processTicksAndRejections (node:internal/process/task_queues:105:5)
    at _runTest (C:\Users\bcmad\Downloads\A1Betting7-13.2\frontend\node_modules\jest-circus\build\jestAdapterInit.js:949:3)
    at _runTestsForDescribeBlock (C:\Users\bcmad\Downloads\A1Betting7-13.2\frontend\node_modules\jest-circus\build\jestAdapterInit.js:839:13)
    at _runTestsForDescribeBlock (C:\Users\bcmad\Downloads\A1Betting7-13.2\frontend\node_modules\jest-circus\build\jestAdapterInit.js:829:11)
    at run (C:\Users\bcmad\Downloads\A1Betting7-13.2\frontend\node_modules\jest-circus\build\jestAdapterInit.js:757:3)
    at runAndTransformResultsToJestFormat (C:\Users\bcmad\Downloads\A1Betting7-13.2\frontend\node_modules\jest-circus\build\jestAdapterInit.js:1920:21)
    at jestAdapter (C:\Users\bcmad\Downloads\A1Betting7-13.2\frontend\node_modules\jest-circus\build\runner.js:101:19)
    at runTestInternal (C:\Users\bcmad\Downloads\A1Betting7-13.2\frontend\node_modules\jest-runner\build\testWorker.js:272:16)
    at runTest (C:\Users\bcmad\Downloads\A1Betting7-13.2\frontend\node_modules\jest-runner\build\testWorker.js:340:7)
    at Object.worker (C:\Users\bcmad\Downloads\A1Betting7-13.2\frontend\node_modules\jest-runner\build\testWorker.js:494:12)]]></failure>
    </testCase>
    <testCase name="API Endpoints should test login, register, logout, lineups, profile, etc." duration="1"/>
  </file>
  <file path="C:\Users\bcmad\Downloads\A1Betting7-13.2\frontend\src\test\featureCoverage.test.tsx">
    <testCase name="dummy test" duration="6"/>
  </file>
  <file path="C:\Users\bcmad\Downloads\A1Betting7-13.2\frontend\src\models\__tests__\PvPMatchupModel.test.ts">
    <testCase name="PvPMatchupModel should run a basic test" duration="6"/>
  </file>
  <file path="C:\Users\bcmad\Downloads\A1Betting7-13.2\frontend\src\tests\example.test.ts">
    <testCase name="dummy test" duration="5"/>
  </file>
  <file path="C:\Users\bcmad\Downloads\A1Betting7-13.2\frontend\src\models\__tests__\LineupSynergyModel.test.ts">
    <testCase name="LineupSynergyModel should run a basic test" duration="14"/>
  </file>
  <file path="C:\Users\bcmad\Downloads\A1Betting7-13.2\frontend\src\models\__tests__\VenueEffectModel.test.ts">
    <testCase name="VenueEffectModel should run a basic test" duration="5"/>
  </file>
  <file path="C:\Users\bcmad\Downloads\A1Betting7-13.2\frontend\src\components\analytics\AnalyticsDashboard.test.tsx">
    <testCase name="dummy test" duration="38"/>
  </file>
  <file path="C:\Users\bcmad\Downloads\A1Betting7-13.2\frontend\src\adapters\__tests__\SocialSentimentAdapter.test.ts">
    <testCase name="SocialSentimentAdapter should be available" duration="4">
      <failure message="ReferenceError: SocialSentimentAdapter is not defined"><![CDATA[ReferenceError: SocialSentimentAdapter is not defined
    at Object.<anonymous> (C:\Users\bcmad\Downloads\A1Betting7-13.2\frontend\src\adapters\__tests__\SocialSentimentAdapter.test.ts:8:5)
    at Promise.finally.completed (C:\Users\bcmad\Downloads\A1Betting7-13.2\frontend\node_modules\jest-circus\build\jestAdapterInit.js:1559:28)
    at new Promise (<anonymous>)
    at callAsyncCircusFn (C:\Users\bcmad\Downloads\A1Betting7-13.2\frontend\node_modules\jest-circus\build\jestAdapterInit.js:1499:10)
    at _callCircusHook (C:\Users\bcmad\Downloads\A1Betting7-13.2\frontend\node_modules\jest-circus\build\jestAdapterInit.js:978:40)
    at processTicksAndRejections (node:internal/process/task_queues:105:5)
    at _runTest (C:\Users\bcmad\Downloads\A1Betting7-13.2\frontend\node_modules\jest-circus\build\jestAdapterInit.js:943:5)
    at _runTestsForDescribeBlock (C:\Users\bcmad\Downloads\A1Betting7-13.2\frontend\node_modules\jest-circus\build\jestAdapterInit.js:839:13)
    at _runTestsForDescribeBlock (C:\Users\bcmad\Downloads\A1Betting7-13.2\frontend\node_modules\jest-circus\build\jestAdapterInit.js:829:11)
    at run (C:\Users\bcmad\Downloads\A1Betting7-13.2\frontend\node_modules\jest-circus\build\jestAdapterInit.js:757:3)
    at runAndTransformResultsToJestFormat (C:\Users\bcmad\Downloads\A1Betting7-13.2\frontend\node_modules\jest-circus\build\jestAdapterInit.js:1920:21)
    at jestAdapter (C:\Users\bcmad\Downloads\A1Betting7-13.2\frontend\node_modules\jest-circus\build\runner.js:101:19)
    at runTestInternal (C:\Users\bcmad\Downloads\A1Betting7-13.2\frontend\node_modules\jest-runner\build\testWorker.js:272:16)
    at runTest (C:\Users\bcmad\Downloads\A1Betting7-13.2\frontend\node_modules\jest-runner\build\testWorker.js:340:7)
    at Object.worker (C:\Users\bcmad\Downloads\A1Betting7-13.2\frontend\node_modules\jest-runner\build\testWorker.js:494:12)]]></failure>
    </testCase>
    <testCase name="SocialSentimentAdapter should fetch sentiment data and cache it" duration="1">
      <failure message="ReferenceError: SocialSentimentAdapter is not defined"><![CDATA[ReferenceError: SocialSentimentAdapter is not defined
    at Object.<anonymous> (C:\Users\bcmad\Downloads\A1Betting7-13.2\frontend\src\adapters\__tests__\SocialSentimentAdapter.test.ts:8:5)
    at Promise.finally.completed (C:\Users\bcmad\Downloads\A1Betting7-13.2\frontend\node_modules\jest-circus\build\jestAdapterInit.js:1559:28)
    at new Promise (<anonymous>)
    at callAsyncCircusFn (C:\Users\bcmad\Downloads\A1Betting7-13.2\frontend\node_modules\jest-circus\build\jestAdapterInit.js:1499:10)
    at _callCircusHook (C:\Users\bcmad\Downloads\A1Betting7-13.2\frontend\node_modules\jest-circus\build\jestAdapterInit.js:978:40)
    at processTicksAndRejections (node:internal/process/task_queues:105:5)
    at _runTest (C:\Users\bcmad\Downloads\A1Betting7-13.2\frontend\node_modules\jest-circus\build\jestAdapterInit.js:943:5)
    at _runTestsForDescribeBlock (C:\Users\bcmad\Downloads\A1Betting7-13.2\frontend\node_modules\jest-circus\build\jestAdapterInit.js:839:13)
    at _runTestsForDescribeBlock (C:\Users\bcmad\Downloads\A1Betting7-13.2\frontend\node_modules\jest-circus\build\jestAdapterInit.js:829:11)
    at run (C:\Users\bcmad\Downloads\A1Betting7-13.2\frontend\node_modules\jest-circus\build\jestAdapterInit.js:757:3)
    at runAndTransformResultsToJestFormat (C:\Users\bcmad\Downloads\A1Betting7-13.2\frontend\node_modules\jest-circus\build\jestAdapterInit.js:1920:21)
    at jestAdapter (C:\Users\bcmad\Downloads\A1Betting7-13.2\frontend\node_modules\jest-circus\build\runner.js:101:19)
    at runTestInternal (C:\Users\bcmad\Downloads\A1Betting7-13.2\frontend\node_modules\jest-runner\build\testWorker.js:272:16)
    at runTest (C:\Users\bcmad\Downloads\A1Betting7-13.2\frontend\node_modules\jest-runner\build\testWorker.js:340:7)
    at Object.worker (C:\Users\bcmad\Downloads\A1Betting7-13.2\frontend\node_modules\jest-runner\build\testWorker.js:494:12)]]></failure>
    </testCase>
    <testCase name="SocialSentimentAdapter should clear cache" duration="1">
      <failure message="ReferenceError: SocialSentimentAdapter is not defined"><![CDATA[ReferenceError: SocialSentimentAdapter is not defined
    at Object.<anonymous> (C:\Users\bcmad\Downloads\A1Betting7-13.2\frontend\src\adapters\__tests__\SocialSentimentAdapter.test.ts:8:5)
    at Promise.finally.completed (C:\Users\bcmad\Downloads\A1Betting7-13.2\frontend\node_modules\jest-circus\build\jestAdapterInit.js:1559:28)
    at new Promise (<anonymous>)
    at callAsyncCircusFn (C:\Users\bcmad\Downloads\A1Betting7-13.2\frontend\node_modules\jest-circus\build\jestAdapterInit.js:1499:10)
    at _callCircusHook (C:\Users\bcmad\Downloads\A1Betting7-13.2\frontend\node_modules\jest-circus\build\jestAdapterInit.js:978:40)
    at processTicksAndRejections (node:internal/process/task_queues:105:5)
    at _runTest (C:\Users\bcmad\Downloads\A1Betting7-13.2\frontend\node_modules\jest-circus\build\jestAdapterInit.js:943:5)
    at _runTestsForDescribeBlock (C:\Users\bcmad\Downloads\A1Betting7-13.2\frontend\node_modules\jest-circus\build\jestAdapterInit.js:839:13)
    at _runTestsForDescribeBlock (C:\Users\bcmad\Downloads\A1Betting7-13.2\frontend\node_modules\jest-circus\build\jestAdapterInit.js:829:11)
    at run (C:\Users\bcmad\Downloads\A1Betting7-13.2\frontend\node_modules\jest-circus\build\jestAdapterInit.js:757:3)
    at runAndTransformResultsToJestFormat (C:\Users\bcmad\Downloads\A1Betting7-13.2\frontend\node_modules\jest-circus\build\jestAdapterInit.js:1920:21)
    at jestAdapter (C:\Users\bcmad\Downloads\A1Betting7-13.2\frontend\node_modules\jest-circus\build\runner.js:101:19)
    at runTestInternal (C:\Users\bcmad\Downloads\A1Betting7-13.2\frontend\node_modules\jest-runner\build\testWorker.js:272:16)
    at runTest (C:\Users\bcmad\Downloads\A1Betting7-13.2\frontend\node_modules\jest-runner\build\testWorker.js:340:7)
    at Object.worker (C:\Users\bcmad\Downloads\A1Betting7-13.2\frontend\node_modules\jest-runner\build\testWorker.js:494:12)]]></failure>
    </testCase>
  </file>
  <file path="C:\Users\bcmad\Downloads\A1Betting7-13.2\frontend\src\components\RiskManagerPage.test.tsx">
    <testCase name="dummy test" duration="0"/>
  </file>
  <file path="C:\Users\bcmad\Downloads\A1Betting7-13.2\frontend\src\components\ui\PredictionSummaryCard.test.tsx">
    <testCase name="dummy test" duration="1"/>
  </file>
  <file path="C:\Users\bcmad\Downloads\A1Betting7-13.2\frontend\src\models\__tests__\PlayerFormModel.test.ts">
    <testCase name="PlayerFormModel should run a basic test" duration="1"/>
  </file>
  <file path="C:\Users\bcmad\Downloads\A1Betting7-13.2\frontend\src\components\PayoutPreview.test.tsx">
    <testCase name="dummy test" duration="0"/>
  </file>
  <file path="C:\Users\bcmad\Downloads\A1Betting7-13.2\frontend\src\components\AllFeatures.test.tsx">
    <testCase name="dummy test" duration="1"/>
  </file>
  <file path="C:\Users\bcmad\Downloads\A1Betting7-13.2\frontend\src\components\controls\SmartControlsBar.test.tsx">
    <testCase name="dummy test" duration="1"/>
  </file>
  <file path="C:\Users\bcmad\Downloads\A1Betting7-13.2\frontend\src\models\__tests__\RefereeImpactModel.test.ts">
    <testCase name="RefereeImpactModel should run a basic test" duration="1"/>
  </file>
  <file path="C:\Users\bcmad\Downloads\A1Betting7-13.2\frontend\src\components\ArbitragePage.test.tsx">
    <testCase name="dummy test" duration="0"/>
  </file>
  <file path="C:\Users\bcmad\Downloads\A1Betting7-13.2\frontend\src\test\integration\AllFeatures.test.tsx">
    <testCase name="dummy test" duration="1"/>
  </file>
  <file path="C:\Users\bcmad\Downloads\A1Betting7-13.2\frontend\src\services\unified\__tests__\UnifiedBettingAnalytics.test.ts">
  </file>
  <file path="C:\Users\bcmad\Downloads\A1Betting7-13.2\frontend\src\stores\__tests__\enhanced.test.ts">
    <testCase name="dummy test" duration="1"/>
  </file>
  <file path="C:\Users\bcmad\Downloads\A1Betting7-13.2\frontend\__tests__\sample.test.js">
    <testCase name="adds 1 + 2 to equal 3" duration="1"/>
  </file>
  <file path="C:\Users\bcmad\Downloads\A1Betting7-13.2\frontend\src\pages\Dashboard\__tests__\Dashboard.test.tsx">
  </file>
  <file path="C:\Users\bcmad\Downloads\A1Betting7-13.2\frontend\src\store\slices\__tests__\confidenceSlice.test.ts">
  </file>
  <file path="C:\Users\bcmad\Downloads\A1Betting7-13.2\frontend\src\components\user-friendly\__tests__\UserFriendlyApp.test.tsx">
  </file>
  <file path="C:\Users\bcmad\Downloads\A1Betting7-13.2\frontend\src\components\predictions\__tests__\FantasyPredictionEnhancer.test.tsx">
  </file>
  <file path="C:\Users\bcmad\Downloads\A1Betting7-13.2\frontend\src\components\ui\__tests__\BankrollTracker.test.tsx">
  </file>
  <file path="C:\Users\bcmad\Downloads\A1Betting7-13.2\frontend\src\components\ui\__tests__\ConfidenceBandChart.test.tsx">
  </file>
  <file path="C:\Users\bcmad\Downloads\A1Betting7-13.2\frontend\src\components\predictions\__tests__\DailyFantasyIntegration.test.tsx">
  </file>
  <file path="C:\Users\bcmad\Downloads\A1Betting7-13.2\frontend\src\components\predictions\__tests__\PredictionGenerator.test.tsx">
  </file>
  <file path="C:\Users\bcmad\Downloads\A1Betting7-13.2\frontend\src\components\prediction\__tests__\BetRecommendationList.test.tsx">
  </file>
  <file path="C:\Users\bcmad\Downloads\A1Betting7-13.2\frontend\src\components\prediction\__tests__\ShapExplanation.test.tsx">
  </file>
  <file path="C:\Users\bcmad\Downloads\A1Betting7-13.2\frontend\src\services\partner\__tests__\AffiliateService.test.ts">
  </file>
  <file path="C:\Users\bcmad\Downloads\A1Betting7-13.2\frontend\src\components\prediction\__tests__\PredictionExplanationModal.test.tsx">
  </file>
  <file path="C:\Users\bcmad\Downloads\A1Betting7-13.2\frontend\src\components\prediction\__tests__\BetRecommendationCard.test.tsx">
  </file>
  <file path="C:\Users\bcmad\Downloads\A1Betting7-13.2\frontend\src\services\referee\__tests__\RefereeService.test.ts">
  </file>
  <file path="C:\Users\bcmad\Downloads\A1Betting7-13.2\frontend\src\components\analytics\__tests__\RiskAssessmentMatrix.test.tsx">
  </file>
  <file path="C:\Users\bcmad\Downloads\A1Betting7-13.2\frontend\src\components\analytics\__tests__\ShapExplanation.test.tsx">
  </file>
  <file path="C:\Users\bcmad\Downloads\A1Betting7-13.2\frontend\src\components\features\betting\BetBuilder.test.tsx">
  </file>
  <file path="C:\Users\bcmad\Downloads\A1Betting7-13.2\frontend\src\components\comprehensive\__tests__\ComprehensiveAdminDashboard.test.tsx">
  </file>
  <file path="C:\Users\bcmad\Downloads\A1Betting7-13.2\frontend\src\components\analytics\__tests__\AnalyticsLogging.test.ts">
  </file>
  <file path="C:\Users\bcmad\Downloads\A1Betting7-13.2\frontend\src\core\BestBetSelector\__tests__\BestBetSelector.test.ts">
  </file>
  <file path="C:\Users\bcmad\Downloads\A1Betting7-13.2\frontend\src\core\analytics\__tests__\ModelPerformanceTracker.test.ts">
  </file>
  <file path="C:\Users\bcmad\Downloads\A1Betting7-13.2\frontend\src\utils\__tests__\cacheUtils.test.ts">
  </file>
  <file path="C:\Users\bcmad\Downloads\A1Betting7-13.2\frontend\src\core\FinalPredictionEngine\__tests__\FinalPredictionEngine.test.ts">
  </file>
  <file path="C:\Users\bcmad\Downloads\A1Betting7-13.2\frontend\src\test\stateSync\storeConsistency.test.ts">
  </file>
  <file path="C:\Users\bcmad\Downloads\A1Betting7-13.2\frontend\src\components\analytics\__tests__\ShapExplainerService.test.ts">
  </file>
  <file path="C:\Users\bcmad\Downloads\A1Betting7-13.2\frontend\src\test\unit\UnifiedBettingCore.test.ts">
  </file>
  <file path="C:\Users\bcmad\Downloads\A1Betting7-13.2\frontend\src\components\analytics\__tests__\RiskMatrixClassification.test.ts">
  </file>
  <file path="C:\Users\bcmad\Downloads\A1Betting7-13.2\frontend\src\test\unit\UnifiedPredictionEngine.test.ts">
  </file>
  <file path="C:\Users\bcmad\Downloads\A1Betting7-13.2\frontend\src\tests\e2e\prediction.test.ts">
  </file>
  <file path="C:\Users\bcmad\Downloads\A1Betting7-13.2\frontend\src\components\analytics\__tests__\PatternRecognitionService.test.ts">
  </file>
  <file path="C:\Users\bcmad\Downloads\A1Betting7-13.2\frontend\src\test\unit\useAppStore.test.ts">
  </file>
  <file path="C:\Users\bcmad\Downloads\A1Betting7-13.2\frontend\src\test\performance\dashboardLoad.perf.test.ts">
  </file>
  <file path="C:\Users\bcmad\Downloads\A1Betting7-13.2\frontend\src\test\unit\StateSync.test.ts">
  </file>
  <file path="C:\Users\bcmad\Downloads\A1Betting7-13.2\frontend\src\test\api\prizePicksApiService.test.ts">
  </file>
  <file path="C:\Users\bcmad\Downloads\A1Betting7-13.2\frontend\src\test\integration\MoneyMaker.test.tsx">
  </file>
  <file path="C:\Users\bcmad\Downloads\A1Betting7-13.2\frontend\src\test\integration\authFlow.test.tsx">
  </file>
  <file path="C:\Users\bcmad\Downloads\A1Betting7-13.2\frontend\src\test\performance\Performance.test.ts">
  </file>
  <file path="C:\Users\bcmad\Downloads\A1Betting7-13.2\frontend\src\test\api\APIEndpoints.test.ts">
  </file>
  <file path="C:\Users\bcmad\Downloads\A1Betting7-13.2\frontend\src\test\a11y\dashboardPageA11y.test.tsx">
  </file>
  <file path="C:\Users\bcmad\Downloads\A1Betting7-13.2\frontend\src\components\user-friendly\__tests__\PropOllama.test.tsx">
  </file>
  <file path="C:\Users\bcmad\Downloads\A1Betting7-13.2\frontend\src\test\a11y\authPageA11y.test.tsx">
  </file>
  <file path="C:\Users\bcmad\Downloads\A1Betting7-13.2\frontend\src\services\__tests__\UnifiedPredictionService.test.ts">
  </file>
  <file path="C:\Users\bcmad\Downloads\A1Betting7-13.2\frontend\src\services\__tests__\predictionService.test.ts">
  </file>
  <file path="C:\Users\bcmad\Downloads\A1Betting7-13.2\frontend\src\services\__tests__\prizePicksService.test.ts">
  </file>
  <file path="C:\Users\bcmad\Downloads\A1Betting7-13.2\frontend\src\services\__tests__\marketAnalysisService.test.ts">
  </file>
  <file path="C:\Users\bcmad\Downloads\A1Betting7-13.2\frontend\src\services\__tests__\SocialSentimentService.test.ts">
  </file>
  <file path="C:\Users\bcmad\Downloads\A1Betting7-13.2\frontend\src\services\__tests__\advancedPredictionService.test.ts">
  </file>
  <file path="C:\Users\bcmad\Downloads\A1Betting7-13.2\frontend\src\services\__tests__\bettingOpportunityService.test.ts">
  </file>
  <file path="C:\Users\bcmad\Downloads\A1Betting7-13.2\frontend\src\utils\ProjectionBettingStrategy.test.ts">
  </file>
  <file path="C:\Users\bcmad\Downloads\A1Betting7-13.2\frontend\src\utils\UnifiedBettingCore.test.ts">
  </file>
  <file path="C:\Users\bcmad\Downloads\A1Betting7-13.2\frontend\src\utils\UnifiedPredictionEngine.test.ts">
  </file>
  <file path="C:\Users\bcmad\Downloads\A1Betting7-13.2\frontend\src\services\analytics\mlService.test.ts">
  </file>
  <file path="C:\Users\bcmad\Downloads\A1Betting7-13.2\frontend\src\components\__tests__\PropOllamaUnified.test.tsx">
  </file>
  <file path="C:\Users\bcmad\Downloads\A1Betting7-13.2\frontend\src\components\LockedBets.test.tsx">
  </file>
  <file path="C:\Users\bcmad\Downloads\A1Betting7-13.2\frontend\src\pages\__tests__\LiveStream.test.tsx">
  </file>
  <file path="C:\Users\bcmad\Downloads\A1Betting7-13.2\frontend\src\contexts\__tests__\AuthContext.test.tsx">
  </file>
  <file path="C:\Users\bcmad\Downloads\A1Betting7-13.2\frontend\src\__tests__\App.e2e.test.tsx">
  </file>
  <file path="C:\Users\bcmad\Downloads\A1Betting7-13.2\frontend\src\components\A1BettingPreview.test.tsx">
  </file>
  <file path="C:\Users\bcmad\Downloads\A1Betting7-13.2\frontend\src\components\__tests__\AdminDashboard.test.tsx">
  </file>
  <file path="C:\Users\bcmad\Downloads\A1Betting7-13.2\frontend\test\ipcHandlers.spec.js">
  </file>
  <file path="C:\Users\bcmad\Downloads\A1Betting7-13.2\frontend\test\ipcHandlers.main.spec.js">
  </file>
  <file path="C:\Users\bcmad\Downloads\A1Betting7-13.2\frontend\src\components\pages\__tests__\LockedBetsPageWorking.test.tsx">
  </file>
</testExecutions>